[ 2018-04-10T10:25:34+08:00 ] 127.0.0.1 /
INFO: [ app_init ] --START--
INFO: Run Behavior\BuildLiteBehavior [ RunTime:0.000040s ]
INFO: [ app_init ] --END-- [ RunTime:0.003277s ]
INFO: [ app_begin ] --START--
INFO: Run Behavior\ReadHtmlCacheBehavior [ RunTime:0.004385s ]
INFO: [ app_begin ] --END-- [ RunTime:0.004657s ]

[ 2018-04-10T10:25:34+08:00 ] 127.0.0.1 /Index.php/Home/Login/index.html
INFO: [ app_init ] --START--
INFO: Run Behavior\BuildLiteBehavior [ RunTime:0.000036s ]
INFO: [ app_init ] --END-- [ RunTime:0.001054s ]
INFO: [ app_begin ] --START--
INFO: Run Behavior\ReadHtmlCacheBehavior [ RunTime:0.003136s ]
INFO: [ app_begin ] --END-- [ RunTime:0.003377s ]
INFO: [ view_parse ] --START--
INFO: [ template_filter ] --START--
INFO: Run Behavior\ContentReplaceBehavior [ RunTime:0.000289s ]
INFO: [ template_filter ] --END-- [ RunTime:0.000582s ]
INFO: Run Behavior\ParseTemplateBehavior [ RunTime:0.286372s ]
INFO: [ view_parse ] --END-- [ RunTime:0.286557s ]
INFO: [ view_filter ] --START--
INFO: Run Behavior\WriteHtmlCacheBehavior [ RunTime:0.018467s ]
INFO: Run Behavior\TokenBuildBehavior [ RunTime:0.021977s ]
INFO: [ view_filter ] --END-- [ RunTime:0.040715s ]
INFO: [ app_end ] --START--
INFO: Run Behavior\ShowPageTraceBehavior [ RunTime:0.003652s ]
INFO: [ app_end ] --END-- [ RunTime:0.003826s ]

[ 2018-04-10T10:25:40+08:00 ] 127.0.0.1 /Index.php/Home/Login/login/
INFO: [ app_init ] --START--
INFO: Run Behavior\BuildLiteBehavior [ RunTime:0.000037s ]
INFO: [ app_init ] --END-- [ RunTime:0.000827s ]
INFO: [ app_begin ] --START--
INFO: Run Behavior\ReadHtmlCacheBehavior [ RunTime:0.001559s ]
INFO: [ app_begin ] --END-- [ RunTime:0.001735s ]
INFO: [ view_parse ] --START--
INFO: [ template_filter ] --START--
INFO: Run Behavior\ContentReplaceBehavior [ RunTime:0.000151s ]
INFO: [ template_filter ] --END-- [ RunTime:0.000323s ]
INFO: Run Behavior\ParseTemplateBehavior [ RunTime:0.088339s ]
INFO: [ view_parse ] --END-- [ RunTime:0.088510s ]
INFO: [ view_filter ] --START--
INFO: Run Behavior\WriteHtmlCacheBehavior [ RunTime:0.001804s ]
INFO: Run Behavior\TokenBuildBehavior [ RunTime:0.002000s ]
INFO: [ view_filter ] --END-- [ RunTime:0.004405s ]
INFO: [ app_end ] --START--
INFO: Run Behavior\ShowPageTraceBehavior [ RunTime:0.002151s ]
INFO: [ app_end ] --END-- [ RunTime:0.002375s ]

[ 2018-04-10T10:25:43+08:00 ] 127.0.0.1 /Index.php/Home/Login/logincl.html
INFO: [ app_init ] --START--
INFO: Run Behavior\BuildLiteBehavior [ RunTime:0.000058s ]
INFO: [ app_init ] --END-- [ RunTime:0.001332s ]
INFO: [ app_begin ] --START--
INFO: Run Behavior\ReadHtmlCacheBehavior [ RunTime:0.001712s ]
INFO: [ app_begin ] --END-- [ RunTime:0.001886s ]
SQL: SHOW COLUMNS FROM `jk_user` [ RunTime:0.0509s ]
SQL: SELECT * FROM `jk_user` WHERE `UE_account` = '15515551555' LIMIT 1   [ RunTime:0.0186s ]
NOTIC: [8] Use of undefined constant ue_id - assumed 'ue_id' D:\wamp64\www\zhangfusheng\kuang\WWW\User\Home\Controller\LoginController.class.php 第 796 行.
NOTIC: [8] Use of undefined constant ue_account - assumed 'ue_account' D:\wamp64\www\zhangfusheng\kuang\WWW\User\Home\Controller\LoginController.class.php 第 797 行.
NOTIC: [8] Use of undefined constant ue_account - assumed 'ue_account' D:\wamp64\www\zhangfusheng\kuang\WWW\User\Home\Controller\LoginController.class.php 第 801 行.
SQL: SHOW COLUMNS FROM `jk_drrz` [ RunTime:0.0184s ]
SQL: INSERT INTO `jk_drrz` (`date`,`ip`,`user`,`leixin`) VALUES ('2018-04-10 10:25:43','','15515551555','0') [ RunTime:0.0085s ]

[ 2018-04-10T10:25:43+08:00 ] 127.0.0.1 /index.php/Home/Myuser/ssgh/
INFO: [ app_init ] --START--
INFO: Run Behavior\BuildLiteBehavior [ RunTime:0.000034s ]
INFO: [ app_init ] --END-- [ RunTime:0.000800s ]
INFO: [ app_begin ] --START--
INFO: Run Behavior\ReadHtmlCacheBehavior [ RunTime:0.001661s ]
INFO: [ app_begin ] --END-- [ RunTime:0.001887s ]
SQL: SHOW COLUMNS FROM `jk_system` [ RunTime:0.0843s ]
SQL: SELECT * FROM `jk_system` WHERE `SYS_ID` = 1 LIMIT 1   [ RunTime:0.0006s ]
SQL: SHOW COLUMNS FROM `jk_user` [ RunTime:0.0037s ]
SQL: SELECT * FROM `jk_user` WHERE `UE_ID` = 1 LIMIT 1   [ RunTime:0.0010s ]
SQL: SHOW COLUMNS FROM `jk_ppdd` [ RunTime:0.0213s ]
SQL: SELECT * FROM `jk_ppdd` WHERE `g_user` = '15515551555' AND `zt` = 1 LIMIT 1   [ RunTime:0.0005s ]
SQL: SELECT * FROM `jk_ppdd` WHERE `g_user` = '15515551555' AND `zt` = 1 LIMIT 1   [ RunTime:0.0004s ]
SQL: SELECT * FROM `jk_user` WHERE `UE_account` = '15515551555' LIMIT 1   [ RunTime:0.0007s ]
SQL: UPDATE `jk_ppdd` SET `zt`='0',`jydate`='',`g_name`='',`g_user`='',`g_level`='',`g_id`='' WHERE `g_user` = '15515551555' AND `zt` = 1 [ RunTime:0.0167s ]
NOTIC: [8] Use of undefined constant date - assumed 'date' D:\wamp64\www\zhangfusheng\kuang\WWW\User\Home\Controller\CommonController.class.php 第 88 行.
SQL: SHOW COLUMNS FROM `jk_date` [ RunTime:0.0071s ]
SQL: SELECT * FROM `jk_date` WHERE `date` = 1523289630 LIMIT 1   [ RunTime:0.0004s ]
NOTIC: [8] Use of undefined constant date - assumed 'date' D:\wamp64\www\zhangfusheng\kuang\WWW\User\Home\Controller\CommonController.class.php 第 93 行.
SQL: SELECT * FROM `jk_date` ORDER BY id desc LIMIT 1   [ RunTime:0.0004s ]
SQL: INSERT INTO `jk_date` (`date`,`price`) VALUES ('1523289630','0.9') [ RunTime:0.0083s ]
SQL: INSERT INTO `jk_date` (`date`,`price`) VALUES ('1523289660','0.9') [ RunTime:0.0004s ]
SQL: SELECT * FROM `jk_user` WHERE `UE_account` = '15515551555' LIMIT 1   [ RunTime:0.0006s ]
SQL: SHOW COLUMNS FROM `jk_ghgl` [ RunTime:0.0064s ]
SQL: SELECT * FROM `jk_ghgl` WHERE `uid` = '1' LIMIT 1   [ RunTime:0.0004s ]
NOTIC: [8] Undefined index: ssghgl D:\wamp64\www\zhangfusheng\kuang\WWW\User\Home\Controller\MyuserController.class.php 第 420 行.
SQL: SELECT * FROM `jk_user` WHERE ( UE_ID in (0) ) AND `ktghgl` = 2 AND `UE_ID` <> '1' ORDER BY UE_ID desc LIMIT 1   [ RunTime:0.0005s ]
SQL: SELECT * FROM `jk_ghgl` WHERE `uid` = null LIMIT 1   [ RunTime:0.0004s ]
INFO: [ view_parse ] --START--
INFO: [ template_filter ] --START--
INFO: Run Behavior\ContentReplaceBehavior [ RunTime:0.000128s ]
INFO: [ template_filter ] --END-- [ RunTime:0.000285s ]
INFO: Run Behavior\ParseTemplateBehavior [ RunTime:0.067775s ]
INFO: [ view_parse ] --END-- [ RunTime:0.068114s ]
INFO: [ view_filter ] --START--
INFO: Run Behavior\WriteHtmlCacheBehavior [ RunTime:0.001643s ]
INFO: Run Behavior\TokenBuildBehavior [ RunTime:0.001417s ]
INFO: [ view_filter ] --END-- [ RunTime:0.003319s ]
INFO: [ app_end ] --START--
INFO: Run Behavior\ShowPageTraceBehavior [ RunTime:0.001929s ]
INFO: [ app_end ] --END-- [ RunTime:0.002103s ]

[ 2018-04-10T10:26:15+08:00 ] 127.0.0.1 /Index.php/Home/Index/Index/
INFO: [ app_init ] --START--
INFO: Run Behavior\BuildLiteBehavior [ RunTime:0.000036s ]
INFO: [ app_init ] --END-- [ RunTime:0.000870s ]
INFO: [ app_begin ] --START--
INFO: Run Behavior\ReadHtmlCacheBehavior [ RunTime:0.001691s ]
INFO: [ app_begin ] --END-- [ RunTime:0.002219s ]
SQL: SHOW COLUMNS FROM `jk_userget` [ RunTime:0.1101s ]
NOTIC: [8] Use of undefined constant wakuang - assumed 'wakuang' D:\wamp64\www\zhangfusheng\kuang\WWW\User\Home\Controller\IndexController.class.php 第 15 行.
SQL: SELECT * FROM `jk_userget` WHERE `UG_account` = '15515551555' AND `UG_dataType` = 'wakuang' ORDER BY UG_ID DESC  [ RunTime:0.0013s ]
SQL: SHOW COLUMNS FROM `jk_user` [ RunTime:0.0115s ]
SQL: SELECT * FROM `jk_user` WHERE `UE_account` = '15515551555' LIMIT 1   [ RunTime:0.0007s ]
INFO: [ view_parse ] --START--
INFO: [ template_filter ] --START--
INFO: Run Behavior\ContentReplaceBehavior [ RunTime:0.000183s ]
INFO: [ template_filter ] --END-- [ RunTime:0.000349s ]
INFO: Run Behavior\ParseTemplateBehavior [ RunTime:0.104970s ]
INFO: [ view_parse ] --END-- [ RunTime:0.105150s ]
INFO: [ view_filter ] --START--
INFO: Run Behavior\WriteHtmlCacheBehavior [ RunTime:0.001433s ]
INFO: Run Behavior\TokenBuildBehavior [ RunTime:0.001621s ]
INFO: [ view_filter ] --END-- [ RunTime:0.003415s ]
INFO: [ app_end ] --START--
INFO: Run Behavior\ShowPageTraceBehavior [ RunTime:0.002423s ]
INFO: [ app_end ] --END-- [ RunTime:0.002628s ]

[ 2018-04-10T10:26:18+08:00 ] 127.0.0.1 /Index.php/Home/Info/tuiguangma/
INFO: [ app_init ] --START--
INFO: Run Behavior\BuildLiteBehavior [ RunTime:0.000036s ]
INFO: [ app_init ] --END-- [ RunTime:0.000874s ]
INFO: [ app_begin ] --START--
INFO: Run Behavior\ReadHtmlCacheBehavior [ RunTime:0.001678s ]
INFO: [ app_begin ] --END-- [ RunTime:0.001858s ]
SQL: SHOW COLUMNS FROM `jk_system` [ RunTime:0.0312s ]
SQL: SELECT * FROM `jk_system` WHERE `SYS_ID` = 1 LIMIT 1   [ RunTime:0.0007s ]
SQL: SHOW COLUMNS FROM `jk_user` [ RunTime:0.0021s ]
SQL: SELECT * FROM `jk_user` WHERE `UE_ID` = 1 LIMIT 1   [ RunTime:0.0009s ]
SQL: SHOW COLUMNS FROM `jk_ppdd` [ RunTime:0.0013s ]
SQL: SELECT * FROM `jk_ppdd` WHERE `g_user` = '15515551555' AND `zt` = 1 LIMIT 1   [ RunTime:0.0016s ]
SQL: SELECT * FROM `jk_ppdd` WHERE `g_user` = '15515551555' AND `zt` = 1 LIMIT 1   [ RunTime:0.0005s ]
SQL: SELECT * FROM `jk_user` WHERE `UE_account` = '15515551555' LIMIT 1   [ RunTime:0.0008s ]
SQL: UPDATE `jk_ppdd` SET `zt`='0',`jydate`='',`g_name`='',`g_user`='',`g_level`='',`g_id`='' WHERE `g_user` = '15515551555' AND `zt` = 1 [ RunTime:0.0005s ]
NOTIC: [8] Use of undefined constant date - assumed 'date' D:\wamp64\www\zhangfusheng\kuang\WWW\User\Home\Controller\CommonController.class.php 第 88 行.
SQL: SHOW COLUMNS FROM `jk_date` [ RunTime:0.0072s ]
SQL: SELECT * FROM `jk_date` WHERE `date` = 1523289630 LIMIT 1   [ RunTime:0.0004s ]
NOTIC: [8] Undefined variable: name D:\wamp64\www\zhangfusheng\kuang\WWW\User\Home\Controller\InfoController.class.php 第 843 行.
INFO: [ view_parse ] --START--
INFO: [ template_filter ] --START--
INFO: Run Behavior\ContentReplaceBehavior [ RunTime:0.000122s ]
INFO: [ template_filter ] --END-- [ RunTime:0.000282s ]
INFO: Run Behavior\ParseTemplateBehavior [ RunTime:0.068768s ]
INFO: [ view_parse ] --END-- [ RunTime:0.068981s ]
INFO: [ view_filter ] --START--
INFO: Run Behavior\WriteHtmlCacheBehavior [ RunTime:0.001840s ]
INFO: Run Behavior\TokenBuildBehavior [ RunTime:0.001655s ]
INFO: [ view_filter ] --END-- [ RunTime:0.003751s ]
INFO: [ app_end ] --START--
INFO: Run Behavior\ShowPageTraceBehavior [ RunTime:0.002109s ]
INFO: [ app_end ] --END-- [ RunTime:0.002569s ]

[ 2018-04-10T10:26:33+08:00 ] 127.0.0.1 /index.php/Home/User/reg/uid/1.html
INFO: [ app_init ] --START--
INFO: Run Behavior\BuildLiteBehavior [ RunTime:0.000036s ]
INFO: [ app_init ] --END-- [ RunTime:0.000816s ]
INFO: [ app_begin ] --START--
INFO: Run Behavior\ReadHtmlCacheBehavior [ RunTime:0.001654s ]
INFO: [ app_begin ] --END-- [ RunTime:0.001895s ]
INFO: [ view_parse ] --START--
INFO: [ template_filter ] --START--
INFO: Run Behavior\ContentReplaceBehavior [ RunTime:0.000163s ]
INFO: [ template_filter ] --END-- [ RunTime:0.000320s ]
INFO: Run Behavior\ParseTemplateBehavior [ RunTime:0.157634s ]
INFO: [ view_parse ] --END-- [ RunTime:0.157823s ]
INFO: [ view_filter ] --START--
INFO: Run Behavior\WriteHtmlCacheBehavior [ RunTime:0.001748s ]
INFO: Run Behavior\TokenBuildBehavior [ RunTime:0.001550s ]
INFO: [ view_filter ] --END-- [ RunTime:0.003576s ]
INFO: [ app_end ] --START--
INFO: Run Behavior\ShowPageTraceBehavior [ RunTime:0.002260s ]
INFO: [ app_end ] --END-- [ RunTime:0.002484s ]

[ 2018-04-10T10:50:46+08:00 ] 127.0.0.1 /
INFO: [ app_init ] --START--
INFO: Run Behavior\BuildLiteBehavior [ RunTime:0.000037s ]
INFO: [ app_init ] --END-- [ RunTime:0.017110s ]
INFO: [ app_begin ] --START--
INFO: Run Behavior\ReadHtmlCacheBehavior [ RunTime:0.025477s ]
INFO: [ app_begin ] --END-- [ RunTime:0.025657s ]
SQL: SHOW COLUMNS FROM `jk_userget` [ RunTime:0.0921s ]
NOTIC: [8] Use of undefined constant wakuang - assumed 'wakuang' D:\wamp64\www\zhangfusheng\kuang\WWW\User\Home\Controller\IndexController.class.php 第 15 行.
SQL: SELECT * FROM `jk_userget` WHERE `UG_account` = '15515551555' AND `UG_dataType` = 'wakuang' ORDER BY UG_ID DESC  [ RunTime:0.0015s ]
SQL: SHOW COLUMNS FROM `jk_user` [ RunTime:0.0017s ]
SQL: SELECT * FROM `jk_user` WHERE `UE_account` = '15515551555' LIMIT 1   [ RunTime:0.0007s ]
INFO: [ view_parse ] --START--
INFO: [ template_filter ] --START--
INFO: Run Behavior\ContentReplaceBehavior [ RunTime:0.000152s ]
INFO: [ template_filter ] --END-- [ RunTime:0.000312s ]
INFO: Run Behavior\ParseTemplateBehavior [ RunTime:0.190365s ]
INFO: [ view_parse ] --END-- [ RunTime:0.190544s ]
INFO: [ view_filter ] --START--
INFO: Run Behavior\WriteHtmlCacheBehavior [ RunTime:0.041626s ]
INFO: Run Behavior\TokenBuildBehavior [ RunTime:0.021341s ]
INFO: [ view_filter ] --END-- [ RunTime:0.063237s ]
INFO: [ app_end ] --START--
INFO: Run Behavior\ShowPageTraceBehavior [ RunTime:0.028193s ]
INFO: [ app_end ] --END-- [ RunTime:0.028387s ]

[ 2018-04-10T10:50:50+08:00 ] 127.0.0.1 /Index.php/Home/Info/tuiguangma/
INFO: [ app_init ] --START--
INFO: Run Behavior\BuildLiteBehavior [ RunTime:0.000036s ]
INFO: [ app_init ] --END-- [ RunTime:0.000822s ]
INFO: [ app_begin ] --START--
INFO: Run Behavior\ReadHtmlCacheBehavior [ RunTime:0.001388s ]
INFO: [ app_begin ] --END-- [ RunTime:0.001561s ]
SQL: SHOW COLUMNS FROM `jk_system` [ RunTime:0.0526s ]
SQL: SELECT * FROM `jk_system` WHERE `SYS_ID` = 1 LIMIT 1   [ RunTime:0.0006s ]
SQL: SHOW COLUMNS FROM `jk_user` [ RunTime:0.0328s ]
SQL: SELECT * FROM `jk_user` WHERE `UE_ID` = 1 LIMIT 1   [ RunTime:0.0009s ]
SQL: SHOW COLUMNS FROM `jk_ppdd` [ RunTime:0.0385s ]
SQL: SELECT * FROM `jk_ppdd` WHERE `g_user` = '15515551555' AND `zt` = 1 LIMIT 1   [ RunTime:0.0005s ]
SQL: SELECT * FROM `jk_ppdd` WHERE `g_user` = '15515551555' AND `zt` = 1 LIMIT 1   [ RunTime:0.0004s ]
SQL: SELECT * FROM `jk_user` WHERE `UE_account` = '15515551555' LIMIT 1   [ RunTime:0.0008s ]
SQL: UPDATE `jk_ppdd` SET `zt`='0',`jydate`='',`g_name`='',`g_user`='',`g_level`='',`g_id`='' WHERE `g_user` = '15515551555' AND `zt` = 1 [ RunTime:0.0005s ]
NOTIC: [8] Use of undefined constant date - assumed 'date' D:\wamp64\www\zhangfusheng\kuang\WWW\User\Home\Controller\CommonController.class.php 第 88 行.
SQL: SHOW COLUMNS FROM `jk_date` [ RunTime:0.0060s ]
SQL: SELECT * FROM `jk_date` WHERE `date` = 1523289630 LIMIT 1   [ RunTime:0.0004s ]
NOTIC: [8] Undefined variable: name D:\wamp64\www\zhangfusheng\kuang\WWW\User\Home\Controller\InfoController.class.php 第 843 行.
INFO: [ view_parse ] --START--
INFO: [ template_filter ] --START--
INFO: Run Behavior\ContentReplaceBehavior [ RunTime:0.000117s ]
INFO: [ template_filter ] --END-- [ RunTime:0.000286s ]
INFO: Run Behavior\ParseTemplateBehavior [ RunTime:0.086969s ]
INFO: [ view_parse ] --END-- [ RunTime:0.087222s ]
INFO: [ view_filter ] --START--
INFO: Run Behavior\WriteHtmlCacheBehavior [ RunTime:0.001116s ]
INFO: Run Behavior\TokenBuildBehavior [ RunTime:0.001173s ]
INFO: [ view_filter ] --END-- [ RunTime:0.002524s ]
INFO: [ app_end ] --START--
INFO: Run Behavior\ShowPageTraceBehavior [ RunTime:0.001582s ]
INFO: [ app_end ] --END-- [ RunTime:0.001749s ]

[ 2018-04-10T10:50:58+08:00 ] 127.0.0.1 /index.php/Home/User/reg/uid/1.html
INFO: [ app_init ] --START--
INFO: Run Behavior\BuildLiteBehavior [ RunTime:0.000057s ]
INFO: [ app_init ] --END-- [ RunTime:0.001457s ]
INFO: [ app_begin ] --START--
INFO: Run Behavior\ReadHtmlCacheBehavior [ RunTime:0.001799s ]
INFO: [ app_begin ] --END-- [ RunTime:0.002109s ]
INFO: [ view_parse ] --START--
INFO: [ template_filter ] --START--
INFO: Run Behavior\ContentReplaceBehavior [ RunTime:0.000255s ]
INFO: [ template_filter ] --END-- [ RunTime:0.000489s ]
INFO: Run Behavior\ParseTemplateBehavior [ RunTime:0.120889s ]
INFO: [ view_parse ] --END-- [ RunTime:0.121071s ]
INFO: [ view_filter ] --START--
INFO: Run Behavior\WriteHtmlCacheBehavior [ RunTime:0.001042s ]
INFO: Run Behavior\TokenBuildBehavior [ RunTime:0.001216s ]
INFO: [ view_filter ] --END-- [ RunTime:0.002499s ]
INFO: [ app_end ] --START--
INFO: Run Behavior\ShowPageTraceBehavior [ RunTime:0.001948s ]
INFO: [ app_end ] --END-- [ RunTime:0.002387s ]

[ 2018-04-10T10:51:31+08:00 ] 127.0.0.1 /Index.php/Home/Login/phcode.html
INFO: [ app_init ] --START--
INFO: Run Behavior\BuildLiteBehavior [ RunTime:0.000062s ]
INFO: [ app_init ] --END-- [ RunTime:0.001462s ]
INFO: [ app_begin ] --START--
INFO: Run Behavior\ReadHtmlCacheBehavior [ RunTime:0.001210s ]
INFO: [ app_begin ] --END-- [ RunTime:0.001350s ]

[ 2018-04-10T10:51:32+08:00 ] 127.0.0.1 /Index.php/Home/Ajax/xgzlmobile.html
INFO: [ app_init ] --START--
INFO: Run Behavior\BuildLiteBehavior [ RunTime:0.000036s ]
INFO: [ app_init ] --END-- [ RunTime:0.000894s ]
INFO: [ app_begin ] --START--
INFO: Run Behavior\ReadHtmlCacheBehavior [ RunTime:0.001892s ]
INFO: [ app_begin ] --END-- [ RunTime:0.002140s ]
SQL: SHOW COLUMNS FROM `jk_user` [ RunTime:0.0313s ]
SQL: SELECT * FROM `jk_user` WHERE `phone` = '18811746451' LIMIT 1   [ RunTime:0.0009s ]
SQL: SHOW COLUMNS FROM `jk_smscode` [ RunTime:0.0714s ]
SQL: SELECT * FROM `jk_smscode` WHERE `mobile` = '18811746451' LIMIT 1   [ RunTime:0.0005s ]

