[ 2018-04-11T10:36:16+08:00 ] 127.0.0.1 /
INFO: [ app_init ] --START--
INFO: Run Behavior\BuildLiteBehavior [ RunTime:0.000038s ]
INFO: [ app_init ] --END-- [ RunTime:0.002526s ]
INFO: [ app_begin ] --START--
INFO: Run Behavior\ReadHtmlCacheBehavior [ RunTime:0.003667s ]
INFO: [ app_begin ] --END-- [ RunTime:0.003886s ]

[ 2018-04-11T10:36:16+08:00 ] 127.0.0.1 /Index.php/Home/Login/index.html
INFO: [ app_init ] --START--
INFO: Run Behavior\BuildLiteBehavior [ RunTime:0.000036s ]
INFO: [ app_init ] --END-- [ RunTime:0.001114s ]
INFO: [ app_begin ] --START--
INFO: Run Behavior\ReadHtmlCacheBehavior [ RunTime:0.001781s ]
INFO: [ app_begin ] --END-- [ RunTime:0.001960s ]
INFO: [ view_parse ] --START--
INFO: [ template_filter ] --START--
INFO: Run Behavior\ContentReplaceBehavior [ RunTime:0.000123s ]
INFO: [ template_filter ] --END-- [ RunTime:0.000292s ]
INFO: Run Behavior\ParseTemplateBehavior [ RunTime:0.359220s ]
INFO: [ view_parse ] --END-- [ RunTime:0.359407s ]
INFO: [ view_filter ] --START--
INFO: Run Behavior\WriteHtmlCacheBehavior [ RunTime:0.078082s ]
INFO: Run Behavior\TokenBuildBehavior [ RunTime:0.022942s ]
INFO: [ view_filter ] --END-- [ RunTime:0.101288s ]
INFO: [ app_end ] --START--
INFO: Run Behavior\ShowPageTraceBehavior [ RunTime:0.003849s ]
INFO: [ app_end ] --END-- [ RunTime:0.004017s ]

[ 2018-04-11T10:36:16+08:00 ] 127.0.0.1 /
INFO: [ app_init ] --START--
INFO: Run Behavior\BuildLiteBehavior [ RunTime:0.000035s ]
INFO: [ app_init ] --END-- [ RunTime:0.000833s ]
INFO: [ app_begin ] --START--
INFO: Run Behavior\ReadHtmlCacheBehavior [ RunTime:0.001587s ]
INFO: [ app_begin ] --END-- [ RunTime:0.001807s ]

[ 2018-04-11T10:36:20+08:00 ] 127.0.0.1 /Index.php/Home/Login/login/
INFO: [ app_init ] --START--
INFO: Run Behavior\BuildLiteBehavior [ RunTime:0.000034s ]
INFO: [ app_init ] --END-- [ RunTime:0.000665s ]
INFO: [ app_begin ] --START--
INFO: Run Behavior\ReadHtmlCacheBehavior [ RunTime:0.001140s ]
INFO: [ app_begin ] --END-- [ RunTime:0.001312s ]
INFO: [ view_parse ] --START--
INFO: [ template_filter ] --START--
INFO: Run Behavior\ContentReplaceBehavior [ RunTime:0.000129s ]
INFO: [ template_filter ] --END-- [ RunTime:0.000310s ]
INFO: Run Behavior\ParseTemplateBehavior [ RunTime:0.125743s ]
INFO: [ view_parse ] --END-- [ RunTime:0.125934s ]
INFO: [ view_filter ] --START--
INFO: Run Behavior\WriteHtmlCacheBehavior [ RunTime:0.001149s ]
INFO: Run Behavior\TokenBuildBehavior [ RunTime:0.001555s ]
INFO: [ view_filter ] --END-- [ RunTime:0.003133s ]
INFO: [ app_end ] --START--
INFO: Run Behavior\ShowPageTraceBehavior [ RunTime:0.002115s ]
INFO: [ app_end ] --END-- [ RunTime:0.002364s ]

[ 2018-04-11T10:36:24+08:00 ] 127.0.0.1 /Index.php/Home/Login/logincl.html
INFO: [ app_init ] --START--
INFO: Run Behavior\BuildLiteBehavior [ RunTime:0.000036s ]
INFO: [ app_init ] --END-- [ RunTime:0.001977s ]
INFO: [ app_begin ] --START--
INFO: Run Behavior\ReadHtmlCacheBehavior [ RunTime:0.003931s ]
INFO: [ app_begin ] --END-- [ RunTime:0.004090s ]
SQL: SHOW COLUMNS FROM `jk_user` [ RunTime:0.2244s ]
SQL: SELECT * FROM `jk_user` WHERE `UE_account` = '15515551555' LIMIT 1   [ RunTime:0.0194s ]
NOTIC: [8] Use of undefined constant ue_id - assumed 'ue_id' D:\wamp64\www\zhangfusheng\kuang\WWW\User\Home\Controller\LoginController.class.php 第 796 行.
NOTIC: [8] Use of undefined constant ue_account - assumed 'ue_account' D:\wamp64\www\zhangfusheng\kuang\WWW\User\Home\Controller\LoginController.class.php 第 797 行.
NOTIC: [8] Use of undefined constant ue_account - assumed 'ue_account' D:\wamp64\www\zhangfusheng\kuang\WWW\User\Home\Controller\LoginController.class.php 第 801 行.
SQL: SHOW COLUMNS FROM `jk_drrz` [ RunTime:0.1139s ]
SQL: INSERT INTO `jk_drrz` (`date`,`ip`,`user`,`leixin`) VALUES ('2018-04-11 10:36:23','','15515551555','0') [ RunTime:0.0477s ]

[ 2018-04-11T10:36:24+08:00 ] 127.0.0.1 /index.php/Home/Myuser/ssgh/
INFO: [ app_init ] --START--
INFO: Run Behavior\BuildLiteBehavior [ RunTime:0.000036s ]
INFO: [ app_init ] --END-- [ RunTime:0.001563s ]
INFO: [ app_begin ] --START--
INFO: Run Behavior\ReadHtmlCacheBehavior [ RunTime:0.005687s ]
INFO: [ app_begin ] --END-- [ RunTime:0.005896s ]
SQL: SHOW COLUMNS FROM `jk_system` [ RunTime:0.0386s ]
SQL: SELECT * FROM `jk_system` WHERE `SYS_ID` = 1 LIMIT 1   [ RunTime:0.0008s ]
SQL: SHOW COLUMNS FROM `jk_user` [ RunTime:0.0249s ]
SQL: SELECT * FROM `jk_user` WHERE `UE_ID` = 1 LIMIT 1   [ RunTime:0.0280s ]
SQL: SHOW COLUMNS FROM `jk_ppdd` [ RunTime:0.0346s ]
SQL: SELECT * FROM `jk_ppdd` WHERE `g_user` = '15515551555' AND `zt` = 1 LIMIT 1   [ RunTime:0.0006s ]
SQL: SELECT * FROM `jk_ppdd` WHERE `g_user` = '15515551555' AND `zt` = 1 LIMIT 1   [ RunTime:0.0005s ]
SQL: SELECT * FROM `jk_user` WHERE `UE_account` = '15515551555' LIMIT 1   [ RunTime:0.0319s ]
SQL: UPDATE `jk_ppdd` SET `zt`='0',`jydate`='',`g_name`='',`g_user`='',`g_level`='',`g_id`='' WHERE `g_user` = '15515551555' AND `zt` = 1 [ RunTime:0.0006s ]
NOTIC: [8] Use of undefined constant date - assumed 'date' D:\wamp64\www\zhangfusheng\kuang\WWW\User\Home\Controller\CommonController.class.php 第 88 行.
SQL: SHOW COLUMNS FROM `jk_date` [ RunTime:0.0422s ]
SQL: SELECT * FROM `jk_date` WHERE `date` = 1523376030 LIMIT 1   [ RunTime:0.0004s ]
NOTIC: [8] Use of undefined constant date - assumed 'date' D:\wamp64\www\zhangfusheng\kuang\WWW\User\Home\Controller\CommonController.class.php 第 93 行.
SQL: SELECT * FROM `jk_date` ORDER BY id desc LIMIT 1   [ RunTime:0.0004s ]
SQL: INSERT INTO `jk_date` (`date`,`price`) VALUES ('1523376030','0.9') [ RunTime:0.0006s ]
SQL: INSERT INTO `jk_date` (`date`,`price`) VALUES ('1523376060','0.9') [ RunTime:0.0003s ]
SQL: SELECT * FROM `jk_user` WHERE `UE_account` = '15515551555' LIMIT 1   [ RunTime:0.0006s ]
SQL: SHOW COLUMNS FROM `jk_ghgl` [ RunTime:0.0702s ]
SQL: SELECT * FROM `jk_ghgl` WHERE `uid` = '1' LIMIT 1   [ RunTime:0.0005s ]
NOTIC: [8] Undefined index: ssghgl D:\wamp64\www\zhangfusheng\kuang\WWW\User\Home\Controller\MyuserController.class.php 第 420 行.
SQL: SELECT * FROM `jk_user` WHERE ( UE_ID in (0) ) AND `ktghgl` = 2 AND `UE_ID` <> '1' ORDER BY UE_ID desc LIMIT 1   [ RunTime:0.0006s ]
SQL: SELECT * FROM `jk_ghgl` WHERE `uid` = null LIMIT 1   [ RunTime:0.0004s ]
INFO: [ view_parse ] --START--
INFO: [ template_filter ] --START--
INFO: Run Behavior\ContentReplaceBehavior [ RunTime:0.000168s ]
INFO: [ template_filter ] --END-- [ RunTime:0.000326s ]
INFO: Run Behavior\ParseTemplateBehavior [ RunTime:0.131181s ]
INFO: [ view_parse ] --END-- [ RunTime:0.131407s ]
INFO: [ view_filter ] --START--
INFO: Run Behavior\WriteHtmlCacheBehavior [ RunTime:0.003845s ]
INFO: Run Behavior\TokenBuildBehavior [ RunTime:0.004161s ]
INFO: [ view_filter ] --END-- [ RunTime:0.008271s ]
INFO: [ app_end ] --START--
INFO: Run Behavior\ShowPageTraceBehavior [ RunTime:0.004423s ]
INFO: [ app_end ] --END-- [ RunTime:0.004645s ]

[ 2018-04-11T10:36:40+08:00 ] 127.0.0.1 /Index.php/Home/Index/index/
INFO: [ app_init ] --START--
INFO: Run Behavior\BuildLiteBehavior [ RunTime:0.000037s ]
INFO: [ app_init ] --END-- [ RunTime:0.001705s ]
INFO: [ app_begin ] --START--
INFO: Run Behavior\ReadHtmlCacheBehavior [ RunTime:0.004251s ]
INFO: [ app_begin ] --END-- [ RunTime:0.004446s ]
SQL: SHOW COLUMNS FROM `jk_userget` [ RunTime:0.0277s ]
NOTIC: [8] Use of undefined constant wakuang - assumed 'wakuang' D:\wamp64\www\zhangfusheng\kuang\WWW\User\Home\Controller\IndexController.class.php 第 15 行.
SQL: SELECT * FROM `jk_userget` WHERE `UG_account` = '15515551555' AND `UG_dataType` = 'wakuang' ORDER BY UG_ID DESC  [ RunTime:0.0018s ]
SQL: SHOW COLUMNS FROM `jk_user` [ RunTime:0.0174s ]
SQL: SELECT * FROM `jk_user` WHERE `UE_account` = '15515551555' LIMIT 1   [ RunTime:0.0010s ]
INFO: [ view_parse ] --START--
INFO: [ template_filter ] --START--
INFO: Run Behavior\ContentReplaceBehavior [ RunTime:0.000181s ]
INFO: [ template_filter ] --END-- [ RunTime:0.000340s ]
INFO: Run Behavior\ParseTemplateBehavior [ RunTime:0.089447s ]
INFO: [ view_parse ] --END-- [ RunTime:0.089636s ]
INFO: [ view_filter ] --START--
INFO: Run Behavior\WriteHtmlCacheBehavior [ RunTime:0.003752s ]
INFO: Run Behavior\TokenBuildBehavior [ RunTime:0.004156s ]
INFO: [ view_filter ] --END-- [ RunTime:0.008169s ]
INFO: [ app_end ] --START--
INFO: Run Behavior\ShowPageTraceBehavior [ RunTime:0.004525s ]
INFO: [ app_end ] --END-- [ RunTime:0.005045s ]

[ 2018-04-11T10:36:43+08:00 ] 127.0.0.1 /Index.php/Home/Info/tuiguangma/
INFO: [ app_init ] --START--
INFO: Run Behavior\BuildLiteBehavior [ RunTime:0.000037s ]
INFO: [ app_init ] --END-- [ RunTime:0.001571s ]
INFO: [ app_begin ] --START--
INFO: Run Behavior\ReadHtmlCacheBehavior [ RunTime:0.004742s ]
INFO: [ app_begin ] --END-- [ RunTime:0.004922s ]
SQL: SHOW COLUMNS FROM `jk_system` [ RunTime:0.0019s ]
SQL: SELECT * FROM `jk_system` WHERE `SYS_ID` = 1 LIMIT 1   [ RunTime:0.0006s ]
SQL: SHOW COLUMNS FROM `jk_user` [ RunTime:0.1411s ]
SQL: SELECT * FROM `jk_user` WHERE `UE_ID` = 1 LIMIT 1   [ RunTime:0.0079s ]
SQL: SHOW COLUMNS FROM `jk_ppdd` [ RunTime:0.0014s ]
SQL: SELECT * FROM `jk_ppdd` WHERE `g_user` = '15515551555' AND `zt` = 1 LIMIT 1   [ RunTime:0.0004s ]
SQL: SELECT * FROM `jk_ppdd` WHERE `g_user` = '15515551555' AND `zt` = 1 LIMIT 1   [ RunTime:0.0006s ]
SQL: SELECT * FROM `jk_user` WHERE `UE_account` = '15515551555' LIMIT 1   [ RunTime:0.0006s ]
SQL: UPDATE `jk_ppdd` SET `zt`='0',`jydate`='',`g_name`='',`g_user`='',`g_level`='',`g_id`='' WHERE `g_user` = '15515551555' AND `zt` = 1 [ RunTime:0.0144s ]
NOTIC: [8] Use of undefined constant date - assumed 'date' D:\wamp64\www\zhangfusheng\kuang\WWW\User\Home\Controller\CommonController.class.php 第 88 行.
SQL: SHOW COLUMNS FROM `jk_date` [ RunTime:0.0227s ]
SQL: SELECT * FROM `jk_date` WHERE `date` = 1523376030 LIMIT 1   [ RunTime:0.0006s ]
NOTIC: [8] Undefined variable: name D:\wamp64\www\zhangfusheng\kuang\WWW\User\Home\Controller\InfoController.class.php 第 843 行.
INFO: [ view_parse ] --START--
INFO: [ template_filter ] --START--
INFO: Run Behavior\ContentReplaceBehavior [ RunTime:0.000227s ]
INFO: [ template_filter ] --END-- [ RunTime:0.000588s ]
INFO: Run Behavior\ParseTemplateBehavior [ RunTime:0.108833s ]
INFO: [ view_parse ] --END-- [ RunTime:0.109069s ]
INFO: [ view_filter ] --START--
INFO: Run Behavior\WriteHtmlCacheBehavior [ RunTime:0.003767s ]
INFO: Run Behavior\TokenBuildBehavior [ RunTime:0.006269s ]
INFO: [ view_filter ] --END-- [ RunTime:0.010372s ]
INFO: [ app_end ] --START--
INFO: Run Behavior\ShowPageTraceBehavior [ RunTime:0.005969s ]
INFO: [ app_end ] --END-- [ RunTime:0.006259s ]

[ 2018-04-11T10:38:36+08:00 ] 127.0.0.1 /index.php/Home/Login/logout.html
INFO: [ app_init ] --START--
INFO: Run Behavior\BuildLiteBehavior [ RunTime:0.000035s ]
INFO: [ app_init ] --END-- [ RunTime:0.000819s ]
INFO: [ app_begin ] --START--
INFO: Run Behavior\ReadHtmlCacheBehavior [ RunTime:0.001954s ]
INFO: [ app_begin ] --END-- [ RunTime:0.002203s ]

[ 2018-04-11T10:38:36+08:00 ] 127.0.0.1 /index.php/Home/Login/index.html
INFO: [ app_init ] --START--
INFO: Run Behavior\BuildLiteBehavior [ RunTime:0.000034s ]
INFO: [ app_init ] --END-- [ RunTime:0.000812s ]
INFO: [ app_begin ] --START--
INFO: Run Behavior\ReadHtmlCacheBehavior [ RunTime:0.001628s ]
INFO: [ app_begin ] --END-- [ RunTime:0.001802s ]
INFO: [ view_parse ] --START--
INFO: [ template_filter ] --START--
INFO: Run Behavior\ContentReplaceBehavior [ RunTime:0.000132s ]
INFO: [ template_filter ] --END-- [ RunTime:0.000318s ]
INFO: Run Behavior\ParseTemplateBehavior [ RunTime:0.015363s ]
INFO: [ view_parse ] --END-- [ RunTime:0.015568s ]
INFO: [ view_filter ] --START--
INFO: Run Behavior\WriteHtmlCacheBehavior [ RunTime:0.002922s ]
INFO: Run Behavior\TokenBuildBehavior [ RunTime:0.001554s ]
INFO: [ view_filter ] --END-- [ RunTime:0.004948s ]
INFO: [ app_end ] --START--
INFO: Run Behavior\ShowPageTraceBehavior [ RunTime:0.001638s ]
INFO: [ app_end ] --END-- [ RunTime:0.001813s ]

[ 2018-04-11T10:38:58+08:00 ] 127.0.0.1 /Index.php/Home/Login/enlogincl.html
INFO: [ app_init ] --START--
INFO: Run Behavior\BuildLiteBehavior [ RunTime:0.000034s ]
INFO: [ app_init ] --END-- [ RunTime:0.000817s ]
INFO: [ app_begin ] --START--
INFO: Run Behavior\ReadHtmlCacheBehavior [ RunTime:0.001574s ]
INFO: [ app_begin ] --END-- [ RunTime:0.001715s ]

[ 2018-04-11T10:39:02+08:00 ] 127.0.0.1 /Index.php/Home/Login/login/
INFO: [ app_init ] --START--
INFO: Run Behavior\BuildLiteBehavior [ RunTime:0.000055s ]
INFO: [ app_init ] --END-- [ RunTime:0.002356s ]
INFO: [ app_begin ] --START--
INFO: Run Behavior\ReadHtmlCacheBehavior [ RunTime:0.003417s ]
INFO: [ app_begin ] --END-- [ RunTime:0.003664s ]
INFO: [ view_parse ] --START--
INFO: [ template_filter ] --START--
INFO: Run Behavior\ContentReplaceBehavior [ RunTime:0.000151s ]
INFO: [ template_filter ] --END-- [ RunTime:0.000347s ]
INFO: Run Behavior\ParseTemplateBehavior [ RunTime:0.018275s ]
INFO: [ view_parse ] --END-- [ RunTime:0.018535s ]
INFO: [ view_filter ] --START--
INFO: Run Behavior\WriteHtmlCacheBehavior [ RunTime:0.004041s ]
INFO: Run Behavior\TokenBuildBehavior [ RunTime:0.004663s ]
INFO: [ view_filter ] --END-- [ RunTime:0.009102s ]
INFO: [ app_end ] --START--
INFO: Run Behavior\ShowPageTraceBehavior [ RunTime:0.001685s ]
INFO: [ app_end ] --END-- [ RunTime:0.001862s ]

[ 2018-04-11T10:39:15+08:00 ] 127.0.0.1 /Index.php/Home/Login/logincl.html
INFO: [ app_init ] --START--
INFO: Run Behavior\BuildLiteBehavior [ RunTime:0.000040s ]
INFO: [ app_init ] --END-- [ RunTime:0.000828s ]
INFO: [ app_begin ] --START--
INFO: Run Behavior\ReadHtmlCacheBehavior [ RunTime:0.001690s ]
INFO: [ app_begin ] --END-- [ RunTime:0.001868s ]
SQL: SHOW COLUMNS FROM `jk_user` [ RunTime:0.1954s ]
SQL: SELECT * FROM `jk_user` WHERE `UE_account` = '18076643608' LIMIT 1   [ RunTime:0.0009s ]
NOTIC: [8] Use of undefined constant ue_id - assumed 'ue_id' D:\wamp64\www\zhangfusheng\kuang\WWW\User\Home\Controller\LoginController.class.php 第 796 行.
NOTIC: [8] Use of undefined constant ue_account - assumed 'ue_account' D:\wamp64\www\zhangfusheng\kuang\WWW\User\Home\Controller\LoginController.class.php 第 797 行.
NOTIC: [8] Use of undefined constant ue_account - assumed 'ue_account' D:\wamp64\www\zhangfusheng\kuang\WWW\User\Home\Controller\LoginController.class.php 第 801 行.
SQL: SHOW COLUMNS FROM `jk_drrz` [ RunTime:0.0378s ]
SQL: INSERT INTO `jk_drrz` (`date`,`ip`,`user`,`leixin`) VALUES ('2018-04-11 10:39:15','','18076643608','0') [ RunTime:0.0004s ]

[ 2018-04-11T10:39:15+08:00 ] 127.0.0.1 /index.php/Home/Myuser/ssgh/
INFO: [ app_init ] --START--
INFO: Run Behavior\BuildLiteBehavior [ RunTime:0.000034s ]
INFO: [ app_init ] --END-- [ RunTime:0.000847s ]
INFO: [ app_begin ] --START--
INFO: Run Behavior\ReadHtmlCacheBehavior [ RunTime:0.001637s ]
INFO: [ app_begin ] --END-- [ RunTime:0.001809s ]
SQL: SHOW COLUMNS FROM `jk_system` [ RunTime:0.0196s ]
SQL: SELECT * FROM `jk_system` WHERE `SYS_ID` = 1 LIMIT 1   [ RunTime:0.0006s ]
SQL: SHOW COLUMNS FROM `jk_user` [ RunTime:0.0016s ]
SQL: SELECT * FROM `jk_user` WHERE `UE_ID` = 9 LIMIT 1   [ RunTime:0.0007s ]
SQL: SHOW COLUMNS FROM `jk_ppdd` [ RunTime:0.0054s ]
SQL: SELECT * FROM `jk_ppdd` WHERE `g_user` = '18076643608' AND `zt` = 1 LIMIT 1   [ RunTime:0.0005s ]
SQL: SELECT * FROM `jk_ppdd` WHERE `g_user` = '18076643608' AND `zt` = 1 LIMIT 1   [ RunTime:0.0005s ]
SQL: SELECT * FROM `jk_user` WHERE `UE_account` = '18076643608' LIMIT 1   [ RunTime:0.0010s ]
SQL: UPDATE `jk_ppdd` SET `zt`='0',`jydate`='',`g_name`='',`g_user`='',`g_level`='',`g_id`='' WHERE `g_user` = '18076643608' AND `zt` = 1 [ RunTime:0.0005s ]
NOTIC: [8] Use of undefined constant date - assumed 'date' D:\wamp64\www\zhangfusheng\kuang\WWW\User\Home\Controller\CommonController.class.php 第 88 行.
SQL: SHOW COLUMNS FROM `jk_date` [ RunTime:0.0112s ]
SQL: SELECT * FROM `jk_date` WHERE `date` = 1523376030 LIMIT 1   [ RunTime:0.0005s ]
SQL: SELECT * FROM `jk_user` WHERE `UE_account` = '18076643608' LIMIT 1   [ RunTime:0.0007s ]
SQL: SHOW COLUMNS FROM `jk_ghgl` [ RunTime:0.0234s ]
SQL: SELECT * FROM `jk_ghgl` WHERE `uid` = '9' LIMIT 1   [ RunTime:0.0004s ]
NOTIC: [8] Undefined index: ssghgl D:\wamp64\www\zhangfusheng\kuang\WWW\User\Home\Controller\MyuserController.class.php 第 420 行.
SQL: SELECT * FROM `jk_user` WHERE ( UE_ID in (0,1,3,8) ) AND `ktghgl` = 2 AND `UE_ID` <> '9' ORDER BY UE_ID desc LIMIT 1   [ RunTime:0.0332s ]
SQL: SELECT * FROM `jk_ghgl` WHERE `uid` = '1' LIMIT 1   [ RunTime:0.0005s ]
INFO: [ view_parse ] --START--
INFO: [ template_filter ] --START--
INFO: Run Behavior\ContentReplaceBehavior [ RunTime:0.000159s ]
INFO: [ template_filter ] --END-- [ RunTime:0.000327s ]
INFO: Run Behavior\ParseTemplateBehavior [ RunTime:0.041258s ]
INFO: [ view_parse ] --END-- [ RunTime:0.041450s ]
INFO: [ view_filter ] --START--
INFO: Run Behavior\WriteHtmlCacheBehavior [ RunTime:0.001411s ]
INFO: Run Behavior\TokenBuildBehavior [ RunTime:0.001464s ]
INFO: [ view_filter ] --END-- [ RunTime:0.003117s ]
INFO: [ app_end ] --START--
INFO: Run Behavior\ShowPageTraceBehavior [ RunTime:0.001702s ]
INFO: [ app_end ] --END-- [ RunTime:0.001856s ]

[ 2018-04-11T10:39:17+08:00 ] 127.0.0.1 /Index.php/Home/Index/index/
INFO: [ app_init ] --START--
INFO: Run Behavior\BuildLiteBehavior [ RunTime:0.000034s ]
INFO: [ app_init ] --END-- [ RunTime:0.000864s ]
INFO: [ app_begin ] --START--
INFO: Run Behavior\ReadHtmlCacheBehavior [ RunTime:0.001668s ]
INFO: [ app_begin ] --END-- [ RunTime:0.001838s ]
SQL: SHOW COLUMNS FROM `jk_userget` [ RunTime:0.0126s ]
NOTIC: [8] Use of undefined constant wakuang - assumed 'wakuang' D:\wamp64\www\zhangfusheng\kuang\WWW\User\Home\Controller\IndexController.class.php 第 15 行.
SQL: SELECT * FROM `jk_userget` WHERE `UG_account` = '18076643608' AND `UG_dataType` = 'wakuang' ORDER BY UG_ID DESC  [ RunTime:0.0011s ]
SQL: SHOW COLUMNS FROM `jk_user` [ RunTime:0.0016s ]
SQL: SELECT * FROM `jk_user` WHERE `UE_account` = '18076643608' LIMIT 1   [ RunTime:0.0274s ]
INFO: [ view_parse ] --START--
INFO: [ template_filter ] --START--
INFO: Run Behavior\ContentReplaceBehavior [ RunTime:0.000197s ]
INFO: [ template_filter ] --END-- [ RunTime:0.000372s ]
INFO: Run Behavior\ParseTemplateBehavior [ RunTime:0.017407s ]
INFO: [ view_parse ] --END-- [ RunTime:0.017629s ]
INFO: [ view_filter ] --START--
INFO: Run Behavior\WriteHtmlCacheBehavior [ RunTime:0.001424s ]
INFO: Run Behavior\TokenBuildBehavior [ RunTime:0.001564s ]
INFO: [ view_filter ] --END-- [ RunTime:0.003247s ]
INFO: [ app_end ] --START--
INFO: Run Behavior\ShowPageTraceBehavior [ RunTime:0.001708s ]
INFO: [ app_end ] --END-- [ RunTime:0.001885s ]

[ 2018-04-11T10:39:19+08:00 ] 127.0.0.1 /Index.php/Home/Info/tuiguangma/
INFO: [ app_init ] --START--
INFO: Run Behavior\BuildLiteBehavior [ RunTime:0.000035s ]
INFO: [ app_init ] --END-- [ RunTime:0.000889s ]
INFO: [ app_begin ] --START--
INFO: Run Behavior\ReadHtmlCacheBehavior [ RunTime:0.001607s ]
INFO: [ app_begin ] --END-- [ RunTime:0.001780s ]
SQL: SHOW COLUMNS FROM `jk_system` [ RunTime:0.0420s ]
SQL: SELECT * FROM `jk_system` WHERE `SYS_ID` = 1 LIMIT 1   [ RunTime:0.0006s ]
SQL: SHOW COLUMNS FROM `jk_user` [ RunTime:0.0017s ]
SQL: SELECT * FROM `jk_user` WHERE `UE_ID` = 9 LIMIT 1   [ RunTime:0.0007s ]
SQL: SHOW COLUMNS FROM `jk_ppdd` [ RunTime:0.0078s ]
SQL: SELECT * FROM `jk_ppdd` WHERE `g_user` = '18076643608' AND `zt` = 1 LIMIT 1   [ RunTime:0.0005s ]
SQL: SELECT * FROM `jk_ppdd` WHERE `g_user` = '18076643608' AND `zt` = 1 LIMIT 1   [ RunTime:0.0005s ]
SQL: SELECT * FROM `jk_user` WHERE `UE_account` = '18076643608' LIMIT 1   [ RunTime:0.0008s ]
SQL: UPDATE `jk_ppdd` SET `zt`='0',`jydate`='',`g_name`='',`g_user`='',`g_level`='',`g_id`='' WHERE `g_user` = '18076643608' AND `zt` = 1 [ RunTime:0.0004s ]
NOTIC: [8] Use of undefined constant date - assumed 'date' D:\wamp64\www\zhangfusheng\kuang\WWW\User\Home\Controller\CommonController.class.php 第 88 行.
SQL: SHOW COLUMNS FROM `jk_date` [ RunTime:0.0010s ]
SQL: SELECT * FROM `jk_date` WHERE `date` = 1523376030 LIMIT 1   [ RunTime:0.0004s ]
NOTIC: [8] Undefined variable: name D:\wamp64\www\zhangfusheng\kuang\WWW\User\Home\Controller\InfoController.class.php 第 843 行.
INFO: [ view_parse ] --START--
INFO: [ template_filter ] --START--
INFO: Run Behavior\ContentReplaceBehavior [ RunTime:0.000187s ]
INFO: [ template_filter ] --END-- [ RunTime:0.000410s ]
INFO: Run Behavior\ParseTemplateBehavior [ RunTime:0.014474s ]
INFO: [ view_parse ] --END-- [ RunTime:0.014660s ]
INFO: [ view_filter ] --START--
INFO: Run Behavior\WriteHtmlCacheBehavior [ RunTime:0.001370s ]
INFO: Run Behavior\TokenBuildBehavior [ RunTime:0.001437s ]
INFO: [ view_filter ] --END-- [ RunTime:0.003039s ]
INFO: [ app_end ] --START--
INFO: Run Behavior\ShowPageTraceBehavior [ RunTime:0.001700s ]
INFO: [ app_end ] --END-- [ RunTime:0.001864s ]

[ 2018-04-11T10:57:53+08:00 ] 127.0.0.1 /index.php/Home/User/reg/uid/9.html
INFO: [ app_init ] --START--
INFO: Run Behavior\BuildLiteBehavior [ RunTime:0.000036s ]
INFO: [ app_init ] --END-- [ RunTime:0.034175s ]
INFO: [ app_begin ] --START--
INFO: Run Behavior\ReadHtmlCacheBehavior [ RunTime:0.002064s ]
INFO: [ app_begin ] --END-- [ RunTime:0.002238s ]
INFO: [ view_parse ] --START--
INFO: [ template_filter ] --START--
INFO: Run Behavior\ContentReplaceBehavior [ RunTime:0.000155s ]
INFO: [ template_filter ] --END-- [ RunTime:0.000321s ]
INFO: Run Behavior\ParseTemplateBehavior [ RunTime:0.235323s ]
INFO: [ view_parse ] --END-- [ RunTime:0.235502s ]
INFO: [ view_filter ] --START--
INFO: Run Behavior\WriteHtmlCacheBehavior [ RunTime:0.001986s ]
INFO: Run Behavior\TokenBuildBehavior [ RunTime:0.001611s ]
INFO: [ view_filter ] --END-- [ RunTime:0.003847s ]
INFO: [ app_end ] --START--
INFO: Run Behavior\ShowPageTraceBehavior [ RunTime:0.002648s ]
INFO: [ app_end ] --END-- [ RunTime:0.002953s ]

[ 2018-04-11T10:58:35+08:00 ] 127.0.0.1 /Index.php/Home/Login/phcode.html
INFO: [ app_init ] --START--
INFO: Run Behavior\BuildLiteBehavior [ RunTime:0.000060s ]
INFO: [ app_init ] --END-- [ RunTime:0.001488s ]
INFO: [ app_begin ] --START--
INFO: Run Behavior\ReadHtmlCacheBehavior [ RunTime:0.003009s ]
INFO: [ app_begin ] --END-- [ RunTime:0.003231s ]

[ 2018-04-11T10:58:45+08:00 ] 127.0.0.1 /Index.php/Home/Login/phcode.html
INFO: [ app_init ] --START--
INFO: Run Behavior\BuildLiteBehavior [ RunTime:0.000038s ]
INFO: [ app_init ] --END-- [ RunTime:0.001768s ]
INFO: [ app_begin ] --START--
INFO: Run Behavior\ReadHtmlCacheBehavior [ RunTime:0.002973s ]
INFO: [ app_begin ] --END-- [ RunTime:0.003128s ]

[ 2018-04-11T10:58:45+08:00 ] 127.0.0.1 /Index.php/Home/Ajax/xgzlmobile.html
INFO: [ app_init ] --START--
INFO: Run Behavior\BuildLiteBehavior [ RunTime:0.000054s ]
INFO: [ app_init ] --END-- [ RunTime:0.002814s ]
INFO: [ app_begin ] --START--
INFO: Run Behavior\ReadHtmlCacheBehavior [ RunTime:0.002451s ]
INFO: [ app_begin ] --END-- [ RunTime:0.002773s ]
SQL: SHOW COLUMNS FROM `jk_user` [ RunTime:0.0735s ]
SQL: SELECT * FROM `jk_user` WHERE `phone` = '18811746451' LIMIT 1   [ RunTime:0.0009s ]
SQL: SHOW COLUMNS FROM `jk_smscode` [ RunTime:0.0407s ]
SQL: SELECT * FROM `jk_smscode` WHERE `mobile` = '18811746451' LIMIT 1   [ RunTime:0.0004s ]

[ 2018-04-11T11:02:42+08:00 ] 127.0.0.1 /Index.php/Home/Login/phcode.html
INFO: [ app_init ] --START--
INFO: Run Behavior\BuildLiteBehavior [ RunTime:0.000039s ]
INFO: [ app_init ] --END-- [ RunTime:0.000885s ]
INFO: [ app_begin ] --START--
INFO: Run Behavior\ReadHtmlCacheBehavior [ RunTime:0.001949s ]
INFO: [ app_begin ] --END-- [ RunTime:0.002139s ]
NOTIC: [8] Array to string conversion D:\wamp64\www\zhangfusheng\kuang\WWW\ThinkPHP\Library\Think\Verify.class.php 第 89 行.

[ 2018-04-11T11:04:05+08:00 ] 127.0.0.1 /Index.php/Home/Login/phcode.html
INFO: [ app_init ] --START--
INFO: Run Behavior\BuildLiteBehavior [ RunTime:0.000059s ]
INFO: [ app_init ] --END-- [ RunTime:0.001572s ]
INFO: [ app_begin ] --START--
INFO: Run Behavior\ReadHtmlCacheBehavior [ RunTime:0.003978s ]
INFO: [ app_begin ] --END-- [ RunTime:0.004257s ]

[ 2018-04-11T11:04:51+08:00 ] 127.0.0.1 /Index.php/Home/Login/phcode.html
INFO: [ app_init ] --START--
INFO: Run Behavior\BuildLiteBehavior [ RunTime:0.000061s ]
INFO: [ app_init ] --END-- [ RunTime:0.001328s ]
INFO: [ app_begin ] --START--
INFO: Run Behavior\ReadHtmlCacheBehavior [ RunTime:0.001683s ]
INFO: [ app_begin ] --END-- [ RunTime:0.001828s ]

[ 2018-04-11T11:48:07+08:00 ] 127.0.0.1 /Index.php/Home/Login/phcode.html
INFO: [ app_init ] --START--
INFO: Run Behavior\BuildLiteBehavior [ RunTime:0.000052s ]
INFO: [ app_init ] --END-- [ RunTime:0.001352s ]
INFO: [ app_begin ] --START--
INFO: Run Behavior\ReadHtmlCacheBehavior [ RunTime:0.001740s ]
INFO: [ app_begin ] --END-- [ RunTime:0.001898s ]

[ 2018-04-11T11:48:08+08:00 ] 127.0.0.1 /Index.php/Home/Ajax/xgzlmobile.html
INFO: [ app_init ] --START--
INFO: Run Behavior\BuildLiteBehavior [ RunTime:0.000036s ]
INFO: [ app_init ] --END-- [ RunTime:0.001009s ]
INFO: [ app_begin ] --START--
INFO: Run Behavior\ReadHtmlCacheBehavior [ RunTime:0.001667s ]
INFO: [ app_begin ] --END-- [ RunTime:0.001817s ]
SQL: SHOW COLUMNS FROM `jk_user` [ RunTime:0.0944s ]
SQL: SELECT * FROM `jk_user` WHERE `phone` = '18811746451' LIMIT 1   [ RunTime:0.0012s ]
SQL: SHOW COLUMNS FROM `jk_smscode` [ RunTime:0.0311s ]
SQL: SELECT * FROM `jk_smscode` WHERE `mobile` = '18811746451' LIMIT 1   [ RunTime:0.0004s ]

[ 2018-04-11T11:49:39+08:00 ] 127.0.0.1 /Index.php/Home/Login/phcode.html
INFO: [ app_init ] --START--
INFO: Run Behavior\BuildLiteBehavior [ RunTime:0.000060s ]
INFO: [ app_init ] --END-- [ RunTime:0.001646s ]
INFO: [ app_begin ] --START--
INFO: Run Behavior\ReadHtmlCacheBehavior [ RunTime:0.002467s ]
INFO: [ app_begin ] --END-- [ RunTime:0.002696s ]

[ 2018-04-11T11:49:39+08:00 ] 127.0.0.1 /Index.php/Home/Ajax/xgzlmobile.html
INFO: [ app_init ] --START--
INFO: Run Behavior\BuildLiteBehavior [ RunTime:0.000064s ]
INFO: [ app_init ] --END-- [ RunTime:0.001640s ]
INFO: [ app_begin ] --START--
INFO: Run Behavior\ReadHtmlCacheBehavior [ RunTime:0.003184s ]
INFO: [ app_begin ] --END-- [ RunTime:0.003445s ]
SQL: SHOW COLUMNS FROM `jk_user` [ RunTime:0.0423s ]
SQL: SELECT * FROM `jk_user` WHERE `phone` = '18811746451' LIMIT 1   [ RunTime:0.0009s ]
SQL: SHOW COLUMNS FROM `jk_smscode` [ RunTime:0.0648s ]
SQL: SELECT * FROM `jk_smscode` WHERE `mobile` = '18811746451' LIMIT 1   [ RunTime:0.0005s ]

[ 2018-04-11T11:55:35+08:00 ] 127.0.0.1 /Index.php/Home/Login/phcode.html
INFO: [ app_init ] --START--
INFO: Run Behavior\BuildLiteBehavior [ RunTime:0.000035s ]
INFO: [ app_init ] --END-- [ RunTime:0.000846s ]
INFO: [ app_begin ] --START--
INFO: Run Behavior\ReadHtmlCacheBehavior [ RunTime:0.001618s ]
INFO: [ app_begin ] --END-- [ RunTime:0.001792s ]

[ 2018-04-11T11:55:35+08:00 ] 127.0.0.1 /Index.php/Home/Ajax/xgzlmobile.html
INFO: [ app_init ] --START--
INFO: Run Behavior\BuildLiteBehavior [ RunTime:0.000038s ]
INFO: [ app_init ] --END-- [ RunTime:0.000934s ]
INFO: [ app_begin ] --START--
INFO: Run Behavior\ReadHtmlCacheBehavior [ RunTime:0.001725s ]
INFO: [ app_begin ] --END-- [ RunTime:0.001898s ]
SQL: SHOW COLUMNS FROM `jk_user` [ RunTime:0.0228s ]
SQL: SELECT * FROM `jk_user` WHERE `phone` = '18811746451' LIMIT 1   [ RunTime:0.0043s ]
SQL: SHOW COLUMNS FROM `jk_smscode` [ RunTime:0.0195s ]
SQL: SELECT * FROM `jk_smscode` WHERE `mobile` = '18811746451' LIMIT 1   [ RunTime:0.0004s ]

[ 2018-04-11T17:47:00+08:00 ] 127.0.0.1 /index.php/Home/User/reg/uid/9.html
INFO: [ app_init ] --START--
INFO: Run Behavior\BuildLiteBehavior [ RunTime:0.000037s ]
INFO: [ app_init ] --END-- [ RunTime:0.043418s ]
INFO: [ app_begin ] --START--
INFO: Run Behavior\ReadHtmlCacheBehavior [ RunTime:0.028737s ]
INFO: [ app_begin ] --END-- [ RunTime:0.028952s ]
INFO: [ view_parse ] --START--
INFO: [ template_filter ] --START--
INFO: Run Behavior\ContentReplaceBehavior [ RunTime:0.000153s ]
INFO: [ template_filter ] --END-- [ RunTime:0.000308s ]
INFO: Run Behavior\ParseTemplateBehavior [ RunTime:0.518176s ]
INFO: [ view_parse ] --END-- [ RunTime:0.518413s ]
INFO: [ view_filter ] --START--
INFO: Run Behavior\WriteHtmlCacheBehavior [ RunTime:0.035118s ]
INFO: Run Behavior\TokenBuildBehavior [ RunTime:0.023437s ]
INFO: [ view_filter ] --END-- [ RunTime:0.058905s ]
INFO: [ app_end ] --START--
INFO: Run Behavior\ShowPageTraceBehavior [ RunTime:0.019964s ]
INFO: [ app_end ] --END-- [ RunTime:0.020194s ]

[ 2018-04-11T17:47:09+08:00 ] 127.0.0.1 /index.php/Home/User/reg/uid/9.html
INFO: [ app_init ] --START--
INFO: Run Behavior\BuildLiteBehavior [ RunTime:0.000039s ]
INFO: [ app_init ] --END-- [ RunTime:0.000985s ]
INFO: [ app_begin ] --START--
INFO: Run Behavior\ReadHtmlCacheBehavior [ RunTime:0.002444s ]
INFO: [ app_begin ] --END-- [ RunTime:0.002680s ]
INFO: [ view_parse ] --START--
INFO: [ template_filter ] --START--
INFO: Run Behavior\ContentReplaceBehavior [ RunTime:0.000143s ]
INFO: [ template_filter ] --END-- [ RunTime:0.000300s ]
INFO: Run Behavior\ParseTemplateBehavior [ RunTime:0.046459s ]
INFO: [ view_parse ] --END-- [ RunTime:0.046631s ]
INFO: [ view_filter ] --START--
INFO: Run Behavior\WriteHtmlCacheBehavior [ RunTime:0.001458s ]
INFO: Run Behavior\TokenBuildBehavior [ RunTime:0.002273s ]
INFO: [ view_filter ] --END-- [ RunTime:0.004006s ]
INFO: [ app_end ] --START--
INFO: Run Behavior\ShowPageTraceBehavior [ RunTime:0.003397s ]
INFO: [ app_end ] --END-- [ RunTime:0.003789s ]

[ 2018-04-11T17:47:09+08:00 ] 127.0.0.1 /index.php/Home/User/reg/uid/9.html
INFO: [ app_init ] --START--
INFO: Run Behavior\BuildLiteBehavior [ RunTime:0.000064s ]
INFO: [ app_init ] --END-- [ RunTime:0.001656s ]
INFO: [ app_begin ] --START--
INFO: Run Behavior\ReadHtmlCacheBehavior [ RunTime:0.002535s ]
INFO: [ app_begin ] --END-- [ RunTime:0.002750s ]
INFO: [ view_parse ] --START--
INFO: [ template_filter ] --START--
INFO: Run Behavior\ContentReplaceBehavior [ RunTime:0.000181s ]
INFO: [ template_filter ] --END-- [ RunTime:0.000351s ]
INFO: Run Behavior\ParseTemplateBehavior [ RunTime:0.140427s ]
INFO: [ view_parse ] --END-- [ RunTime:0.140701s ]
INFO: [ view_filter ] --START--
INFO: Run Behavior\WriteHtmlCacheBehavior [ RunTime:0.002107s ]
INFO: Run Behavior\TokenBuildBehavior [ RunTime:0.001958s ]
INFO: [ view_filter ] --END-- [ RunTime:0.004322s ]
INFO: [ app_end ] --START--
INFO: Run Behavior\ShowPageTraceBehavior [ RunTime:0.004595s ]
INFO: [ app_end ] --END-- [ RunTime:0.004941s ]

[ 2018-04-11T17:47:10+08:00 ] 127.0.0.1 /index.php/Home/User/reg/uid/9.html
INFO: [ app_init ] --START--
INFO: Run Behavior\BuildLiteBehavior [ RunTime:0.000036s ]
INFO: [ app_init ] --END-- [ RunTime:0.000891s ]
INFO: [ app_begin ] --START--
INFO: Run Behavior\ReadHtmlCacheBehavior [ RunTime:0.001537s ]
INFO: [ app_begin ] --END-- [ RunTime:0.001754s ]
INFO: [ view_parse ] --START--
INFO: [ template_filter ] --START--
INFO: Run Behavior\ContentReplaceBehavior [ RunTime:0.000178s ]
INFO: [ template_filter ] --END-- [ RunTime:0.000372s ]
INFO: Run Behavior\ParseTemplateBehavior [ RunTime:0.128068s ]
INFO: [ view_parse ] --END-- [ RunTime:0.128263s ]
INFO: [ view_filter ] --START--
INFO: Run Behavior\WriteHtmlCacheBehavior [ RunTime:0.001377s ]
INFO: Run Behavior\TokenBuildBehavior [ RunTime:0.001337s ]
INFO: [ view_filter ] --END-- [ RunTime:0.002998s ]
INFO: [ app_end ] --START--
INFO: Run Behavior\ShowPageTraceBehavior [ RunTime:0.002454s ]
INFO: [ app_end ] --END-- [ RunTime:0.002816s ]

[ 2018-04-11T17:47:10+08:00 ] 127.0.0.1 /index.php/Home/User/reg/uid/9.html
INFO: [ app_init ] --START--
INFO: Run Behavior\BuildLiteBehavior [ RunTime:0.000061s ]
INFO: [ app_init ] --END-- [ RunTime:0.001421s ]
INFO: [ app_begin ] --START--
INFO: Run Behavior\ReadHtmlCacheBehavior [ RunTime:0.001738s ]
INFO: [ app_begin ] --END-- [ RunTime:0.001931s ]
INFO: [ view_parse ] --START--
INFO: [ template_filter ] --START--
INFO: Run Behavior\ContentReplaceBehavior [ RunTime:0.000234s ]
INFO: [ template_filter ] --END-- [ RunTime:0.000483s ]
INFO: Run Behavior\ParseTemplateBehavior [ RunTime:0.049933s ]
INFO: [ view_parse ] --END-- [ RunTime:0.050123s ]
INFO: [ view_filter ] --START--
INFO: Run Behavior\WriteHtmlCacheBehavior [ RunTime:0.002738s ]
INFO: Run Behavior\TokenBuildBehavior [ RunTime:0.003853s ]
INFO: [ view_filter ] --END-- [ RunTime:0.007349s ]
INFO: [ app_end ] --START--
INFO: Run Behavior\ShowPageTraceBehavior [ RunTime:0.008249s ]
INFO: [ app_end ] --END-- [ RunTime:0.009882s ]

[ 2018-04-11T17:47:26+08:00 ] 127.0.0.1 /Index.php/Home/Info/tuiguangma/
INFO: [ app_init ] --START--
INFO: Run Behavior\BuildLiteBehavior [ RunTime:0.000035s ]
INFO: [ app_init ] --END-- [ RunTime:0.000903s ]
INFO: [ app_begin ] --START--
INFO: Run Behavior\ReadHtmlCacheBehavior [ RunTime:0.001189s ]
INFO: [ app_begin ] --END-- [ RunTime:0.001364s ]
SQL: SHOW COLUMNS FROM `jk_system` [ RunTime:0.9554s ]
SQL: SELECT * FROM `jk_system` WHERE `SYS_ID` = 1 LIMIT 1   [ RunTime:0.0516s ]
SQL: SHOW COLUMNS FROM `jk_user` [ RunTime:0.0394s ]
SQL: SELECT * FROM `jk_user` WHERE `UE_ID` = 9 LIMIT 1   [ RunTime:0.2518s ]
SQL: SHOW COLUMNS FROM `jk_ppdd` [ RunTime:0.1556s ]
SQL: SELECT * FROM `jk_ppdd` WHERE `g_user` = '18076643608' AND `zt` = 1 LIMIT 1   [ RunTime:0.0153s ]
SQL: SELECT * FROM `jk_ppdd` WHERE `g_user` = '18076643608' AND `zt` = 1 LIMIT 1   [ RunTime:0.0004s ]
SQL: SELECT * FROM `jk_user` WHERE `UE_account` = '18076643608' LIMIT 1   [ RunTime:0.0008s ]
SQL: UPDATE `jk_ppdd` SET `zt`='0',`jydate`='',`g_name`='',`g_user`='',`g_level`='',`g_id`='' WHERE `g_user` = '18076643608' AND `zt` = 1 [ RunTime:0.0232s ]
NOTIC: [8] Use of undefined constant date - assumed 'date' D:\wamp64\www\zhangfusheng\kuang\WWW\User\Home\Controller\CommonController.class.php 第 88 行.
SQL: SHOW COLUMNS FROM `jk_date` [ RunTime:0.0721s ]
SQL: SELECT * FROM `jk_date` WHERE `date` = 1523376030 LIMIT 1   [ RunTime:0.0293s ]
NOTIC: [8] Undefined variable: name D:\wamp64\www\zhangfusheng\kuang\WWW\User\Home\Controller\InfoController.class.php 第 843 行.
INFO: [ view_parse ] --START--
INFO: [ template_filter ] --START--
INFO: Run Behavior\ContentReplaceBehavior [ RunTime:0.000217s ]
INFO: [ template_filter ] --END-- [ RunTime:0.000497s ]
INFO: Run Behavior\ParseTemplateBehavior [ RunTime:0.132601s ]
INFO: [ view_parse ] --END-- [ RunTime:0.132941s ]
INFO: [ view_filter ] --START--
INFO: Run Behavior\WriteHtmlCacheBehavior [ RunTime:0.002675s ]
INFO: Run Behavior\TokenBuildBehavior [ RunTime:0.001661s ]
INFO: [ view_filter ] --END-- [ RunTime:0.004748s ]
INFO: [ app_end ] --START--
INFO: Run Behavior\ShowPageTraceBehavior [ RunTime:0.002680s ]
INFO: [ app_end ] --END-- [ RunTime:0.002903s ]

[ 2018-04-11T17:47:26+08:00 ] 127.0.0.1 /Index.php/Home/Info/tuiguangma/
INFO: [ app_init ] --START--
INFO: Run Behavior\BuildLiteBehavior [ RunTime:0.000055s ]
INFO: [ app_init ] --END-- [ RunTime:0.001479s ]
INFO: [ app_begin ] --START--
INFO: Run Behavior\ReadHtmlCacheBehavior [ RunTime:0.002672s ]
INFO: [ app_begin ] --END-- [ RunTime:0.002972s ]
SQL: SHOW COLUMNS FROM `jk_system` [ RunTime:0.0207s ]
SQL: SELECT * FROM `jk_system` WHERE `SYS_ID` = 1 LIMIT 1   [ RunTime:0.0008s ]
SQL: SHOW COLUMNS FROM `jk_user` [ RunTime:0.0132s ]
SQL: SELECT * FROM `jk_user` WHERE `UE_ID` = 9 LIMIT 1   [ RunTime:0.0071s ]
SQL: SHOW COLUMNS FROM `jk_ppdd` [ RunTime:0.0198s ]
SQL: SELECT * FROM `jk_ppdd` WHERE `g_user` = '18076643608' AND `zt` = 1 LIMIT 1   [ RunTime:0.0005s ]
SQL: SELECT * FROM `jk_ppdd` WHERE `g_user` = '18076643608' AND `zt` = 1 LIMIT 1   [ RunTime:0.0007s ]
SQL: SELECT * FROM `jk_user` WHERE `UE_account` = '18076643608' LIMIT 1   [ RunTime:0.0009s ]
SQL: UPDATE `jk_ppdd` SET `zt`='0',`jydate`='',`g_name`='',`g_user`='',`g_level`='',`g_id`='' WHERE `g_user` = '18076643608' AND `zt` = 1 [ RunTime:0.0007s ]
NOTIC: [8] Use of undefined constant date - assumed 'date' D:\wamp64\www\zhangfusheng\kuang\WWW\User\Home\Controller\CommonController.class.php 第 88 行.
SQL: SHOW COLUMNS FROM `jk_date` [ RunTime:0.0018s ]
SQL: SELECT * FROM `jk_date` WHERE `date` = 1523376030 LIMIT 1   [ RunTime:0.0006s ]
NOTIC: [8] Undefined variable: name D:\wamp64\www\zhangfusheng\kuang\WWW\User\Home\Controller\InfoController.class.php 第 843 行.
INFO: [ view_parse ] --START--
INFO: [ template_filter ] --START--
INFO: Run Behavior\ContentReplaceBehavior [ RunTime:0.000124s ]
INFO: [ template_filter ] --END-- [ RunTime:0.000362s ]
INFO: Run Behavior\ParseTemplateBehavior [ RunTime:0.020790s ]
INFO: [ view_parse ] --END-- [ RunTime:0.021007s ]
INFO: [ view_filter ] --START--
INFO: Run Behavior\WriteHtmlCacheBehavior [ RunTime:0.002804s ]
INFO: Run Behavior\TokenBuildBehavior [ RunTime:0.002578s ]
INFO: [ view_filter ] --END-- [ RunTime:0.005770s ]
INFO: [ app_end ] --START--
INFO: Run Behavior\ShowPageTraceBehavior [ RunTime:0.002769s ]
INFO: [ app_end ] --END-- [ RunTime:0.003290s ]

[ 2018-04-11T17:47:27+08:00 ] 127.0.0.1 /Index.php/Home/Info/tuiguangma/
INFO: [ app_init ] --START--
INFO: Run Behavior\BuildLiteBehavior [ RunTime:0.000034s ]
INFO: [ app_init ] --END-- [ RunTime:0.000825s ]
INFO: [ app_begin ] --START--
INFO: Run Behavior\ReadHtmlCacheBehavior [ RunTime:0.001498s ]
INFO: [ app_begin ] --END-- [ RunTime:0.001678s ]
SQL: SHOW COLUMNS FROM `jk_system` [ RunTime:0.0162s ]
SQL: SELECT * FROM `jk_system` WHERE `SYS_ID` = 1 LIMIT 1   [ RunTime:0.0008s ]
SQL: SHOW COLUMNS FROM `jk_user` [ RunTime:0.0019s ]
SQL: SELECT * FROM `jk_user` WHERE `UE_ID` = 9 LIMIT 1   [ RunTime:0.0010s ]
SQL: SHOW COLUMNS FROM `jk_ppdd` [ RunTime:0.0018s ]
SQL: SELECT * FROM `jk_ppdd` WHERE `g_user` = '18076643608' AND `zt` = 1 LIMIT 1   [ RunTime:0.0007s ]
SQL: SELECT * FROM `jk_ppdd` WHERE `g_user` = '18076643608' AND `zt` = 1 LIMIT 1   [ RunTime:0.0006s ]
SQL: SELECT * FROM `jk_user` WHERE `UE_account` = '18076643608' LIMIT 1   [ RunTime:0.0009s ]
SQL: UPDATE `jk_ppdd` SET `zt`='0',`jydate`='',`g_name`='',`g_user`='',`g_level`='',`g_id`='' WHERE `g_user` = '18076643608' AND `zt` = 1 [ RunTime:0.0005s ]
NOTIC: [8] Use of undefined constant date - assumed 'date' D:\wamp64\www\zhangfusheng\kuang\WWW\User\Home\Controller\CommonController.class.php 第 88 行.
SQL: SHOW COLUMNS FROM `jk_date` [ RunTime:0.0012s ]
SQL: SELECT * FROM `jk_date` WHERE `date` = 1523376030 LIMIT 1   [ RunTime:0.0004s ]
NOTIC: [8] Undefined variable: name D:\wamp64\www\zhangfusheng\kuang\WWW\User\Home\Controller\InfoController.class.php 第 843 行.
INFO: [ view_parse ] --START--
INFO: [ template_filter ] --START--
INFO: Run Behavior\ContentReplaceBehavior [ RunTime:0.000123s ]
INFO: [ template_filter ] --END-- [ RunTime:0.000286s ]
INFO: Run Behavior\ParseTemplateBehavior [ RunTime:0.019667s ]
INFO: [ view_parse ] --END-- [ RunTime:0.019853s ]
INFO: [ view_filter ] --START--
INFO: Run Behavior\WriteHtmlCacheBehavior [ RunTime:0.001227s ]
INFO: Run Behavior\TokenBuildBehavior [ RunTime:0.001216s ]
INFO: [ view_filter ] --END-- [ RunTime:0.002696s ]
INFO: [ app_end ] --START--
INFO: Run Behavior\ShowPageTraceBehavior [ RunTime:0.001539s ]
INFO: [ app_end ] --END-- [ RunTime:0.001704s ]

[ 2018-04-11T17:47:28+08:00 ] 127.0.0.1 /Index.php/Home/Info/tuiguangma/
INFO: [ app_init ] --START--
INFO: Run Behavior\BuildLiteBehavior [ RunTime:0.000034s ]
INFO: [ app_init ] --END-- [ RunTime:0.000974s ]
INFO: [ app_begin ] --START--
INFO: Run Behavior\ReadHtmlCacheBehavior [ RunTime:0.001865s ]
INFO: [ app_begin ] --END-- [ RunTime:0.002065s ]
SQL: SHOW COLUMNS FROM `jk_system` [ RunTime:0.0279s ]
SQL: SELECT * FROM `jk_system` WHERE `SYS_ID` = 1 LIMIT 1   [ RunTime:0.0006s ]
SQL: SHOW COLUMNS FROM `jk_user` [ RunTime:0.0015s ]
SQL: SELECT * FROM `jk_user` WHERE `UE_ID` = 9 LIMIT 1   [ RunTime:0.0008s ]
SQL: SHOW COLUMNS FROM `jk_ppdd` [ RunTime:0.0080s ]
SQL: SELECT * FROM `jk_ppdd` WHERE `g_user` = '18076643608' AND `zt` = 1 LIMIT 1   [ RunTime:0.0005s ]
SQL: SELECT * FROM `jk_ppdd` WHERE `g_user` = '18076643608' AND `zt` = 1 LIMIT 1   [ RunTime:0.0003s ]
SQL: SELECT * FROM `jk_user` WHERE `UE_account` = '18076643608' LIMIT 1   [ RunTime:0.0006s ]
SQL: UPDATE `jk_ppdd` SET `zt`='0',`jydate`='',`g_name`='',`g_user`='',`g_level`='',`g_id`='' WHERE `g_user` = '18076643608' AND `zt` = 1 [ RunTime:0.0005s ]
NOTIC: [8] Use of undefined constant date - assumed 'date' D:\wamp64\www\zhangfusheng\kuang\WWW\User\Home\Controller\CommonController.class.php 第 88 行.
SQL: SHOW COLUMNS FROM `jk_date` [ RunTime:0.0010s ]
SQL: SELECT * FROM `jk_date` WHERE `date` = 1523376030 LIMIT 1   [ RunTime:0.0005s ]
NOTIC: [8] Undefined variable: name D:\wamp64\www\zhangfusheng\kuang\WWW\User\Home\Controller\InfoController.class.php 第 843 行.
INFO: [ view_parse ] --START--
INFO: [ template_filter ] --START--
INFO: Run Behavior\ContentReplaceBehavior [ RunTime:0.000300s ]
INFO: [ template_filter ] --END-- [ RunTime:0.000744s ]
INFO: Run Behavior\ParseTemplateBehavior [ RunTime:0.020824s ]
INFO: [ view_parse ] --END-- [ RunTime:0.021572s ]
INFO: [ view_filter ] --START--
INFO: Run Behavior\WriteHtmlCacheBehavior [ RunTime:0.002529s ]
INFO: Run Behavior\TokenBuildBehavior [ RunTime:0.002590s ]
INFO: [ view_filter ] --END-- [ RunTime:0.005539s ]
INFO: [ app_end ] --START--
INFO: Run Behavior\ShowPageTraceBehavior [ RunTime:0.003338s ]
INFO: [ app_end ] --END-- [ RunTime:0.003713s ]

[ 2018-04-11T17:47:28+08:00 ] 127.0.0.1 /Index.php/Home/Info/tuiguangma/
INFO: [ app_init ] --START--
INFO: Run Behavior\BuildLiteBehavior [ RunTime:0.000049s ]
INFO: [ app_init ] --END-- [ RunTime:0.001794s ]
INFO: [ app_begin ] --START--
INFO: Run Behavior\ReadHtmlCacheBehavior [ RunTime:0.002288s ]
INFO: [ app_begin ] --END-- [ RunTime:0.002476s ]
SQL: SHOW COLUMNS FROM `jk_system` [ RunTime:0.0023s ]
SQL: SELECT * FROM `jk_system` WHERE `SYS_ID` = 1 LIMIT 1   [ RunTime:0.0007s ]
SQL: SHOW COLUMNS FROM `jk_user` [ RunTime:0.0273s ]
SQL: SELECT * FROM `jk_user` WHERE `UE_ID` = 9 LIMIT 1   [ RunTime:0.0013s ]
SQL: SHOW COLUMNS FROM `jk_ppdd` [ RunTime:0.0014s ]
SQL: SELECT * FROM `jk_ppdd` WHERE `g_user` = '18076643608' AND `zt` = 1 LIMIT 1   [ RunTime:0.0005s ]
SQL: SELECT * FROM `jk_ppdd` WHERE `g_user` = '18076643608' AND `zt` = 1 LIMIT 1   [ RunTime:0.0004s ]
SQL: SELECT * FROM `jk_user` WHERE `UE_account` = '18076643608' LIMIT 1   [ RunTime:0.0006s ]
SQL: UPDATE `jk_ppdd` SET `zt`='0',`jydate`='',`g_name`='',`g_user`='',`g_level`='',`g_id`='' WHERE `g_user` = '18076643608' AND `zt` = 1 [ RunTime:0.0005s ]
NOTIC: [8] Use of undefined constant date - assumed 'date' D:\wamp64\www\zhangfusheng\kuang\WWW\User\Home\Controller\CommonController.class.php 第 88 行.
SQL: SHOW COLUMNS FROM `jk_date` [ RunTime:0.0008s ]
SQL: SELECT * FROM `jk_date` WHERE `date` = 1523376030 LIMIT 1   [ RunTime:0.0108s ]
NOTIC: [8] Undefined variable: name D:\wamp64\www\zhangfusheng\kuang\WWW\User\Home\Controller\InfoController.class.php 第 843 行.
INFO: [ view_parse ] --START--
INFO: [ template_filter ] --START--
INFO: Run Behavior\ContentReplaceBehavior [ RunTime:0.000117s ]
INFO: [ template_filter ] --END-- [ RunTime:0.000290s ]
INFO: Run Behavior\ParseTemplateBehavior [ RunTime:0.052066s ]
INFO: [ view_parse ] --END-- [ RunTime:0.052435s ]
INFO: [ view_filter ] --START--
INFO: Run Behavior\WriteHtmlCacheBehavior [ RunTime:0.002576s ]
INFO: Run Behavior\TokenBuildBehavior [ RunTime:0.001531s ]
INFO: [ view_filter ] --END-- [ RunTime:0.004409s ]
INFO: [ app_end ] --START--
INFO: Run Behavior\ShowPageTraceBehavior [ RunTime:0.001728s ]
INFO: [ app_end ] --END-- [ RunTime:0.001890s ]

[ 2018-04-11T17:47:47+08:00 ] 127.0.0.1 /Index.php/Home/Index/index/
INFO: [ app_init ] --START--
INFO: Run Behavior\BuildLiteBehavior [ RunTime:0.000057s ]
INFO: [ app_init ] --END-- [ RunTime:0.001375s ]
INFO: [ app_begin ] --START--
INFO: Run Behavior\ReadHtmlCacheBehavior [ RunTime:0.001951s ]
INFO: [ app_begin ] --END-- [ RunTime:0.002251s ]
SQL: SHOW COLUMNS FROM `jk_userget` [ RunTime:0.1717s ]
NOTIC: [8] Use of undefined constant wakuang - assumed 'wakuang' D:\wamp64\www\zhangfusheng\kuang\WWW\User\Home\Controller\IndexController.class.php 第 15 行.
SQL: SELECT * FROM `jk_userget` WHERE `UG_account` = '18076643608' AND `UG_dataType` = 'wakuang' ORDER BY UG_ID DESC  [ RunTime:0.2757s ]
SQL: SHOW COLUMNS FROM `jk_user` [ RunTime:0.0646s ]
SQL: SELECT * FROM `jk_user` WHERE `UE_account` = '18076643608' LIMIT 1   [ RunTime:0.0008s ]
INFO: [ view_parse ] --START--
INFO: [ template_filter ] --START--
INFO: Run Behavior\ContentReplaceBehavior [ RunTime:0.019223s ]
INFO: [ template_filter ] --END-- [ RunTime:0.019467s ]
INFO: Run Behavior\ParseTemplateBehavior [ RunTime:0.125790s ]
INFO: [ view_parse ] --END-- [ RunTime:0.126096s ]
INFO: [ view_filter ] --START--
INFO: Run Behavior\WriteHtmlCacheBehavior [ RunTime:0.002820s ]
INFO: Run Behavior\TokenBuildBehavior [ RunTime:0.002501s ]
INFO: [ view_filter ] --END-- [ RunTime:0.005739s ]
INFO: [ app_end ] --START--
INFO: Run Behavior\ShowPageTraceBehavior [ RunTime:0.002252s ]
INFO: [ app_end ] --END-- [ RunTime:0.002452s ]

[ 2018-04-11T17:47:48+08:00 ] 127.0.0.1 /Index.php/Home/Index/index/
INFO: [ app_init ] --START--
INFO: Run Behavior\BuildLiteBehavior [ RunTime:0.000037s ]
INFO: [ app_init ] --END-- [ RunTime:0.001037s ]
INFO: [ app_begin ] --START--
INFO: Run Behavior\ReadHtmlCacheBehavior [ RunTime:0.001890s ]
INFO: [ app_begin ] --END-- [ RunTime:0.002071s ]
SQL: SHOW COLUMNS FROM `jk_userget` [ RunTime:0.0023s ]
NOTIC: [8] Use of undefined constant wakuang - assumed 'wakuang' D:\wamp64\www\zhangfusheng\kuang\WWW\User\Home\Controller\IndexController.class.php 第 15 行.
SQL: SELECT * FROM `jk_userget` WHERE `UG_account` = '18076643608' AND `UG_dataType` = 'wakuang' ORDER BY UG_ID DESC  [ RunTime:0.0009s ]
SQL: SHOW COLUMNS FROM `jk_user` [ RunTime:0.1197s ]
SQL: SELECT * FROM `jk_user` WHERE `UE_account` = '18076643608' LIMIT 1   [ RunTime:0.0252s ]
INFO: [ view_parse ] --START--
INFO: [ template_filter ] --START--
INFO: Run Behavior\ContentReplaceBehavior [ RunTime:0.000184s ]
INFO: [ template_filter ] --END-- [ RunTime:0.000347s ]
INFO: Run Behavior\ParseTemplateBehavior [ RunTime:0.021129s ]
INFO: [ view_parse ] --END-- [ RunTime:0.021422s ]
INFO: [ view_filter ] --START--
INFO: Run Behavior\WriteHtmlCacheBehavior [ RunTime:0.001987s ]
INFO: Run Behavior\TokenBuildBehavior [ RunTime:0.001624s ]
INFO: [ view_filter ] --END-- [ RunTime:0.003860s ]
INFO: [ app_end ] --START--
INFO: Run Behavior\ShowPageTraceBehavior [ RunTime:0.002125s ]
INFO: [ app_end ] --END-- [ RunTime:0.002293s ]

[ 2018-04-11T17:47:48+08:00 ] 127.0.0.1 /Index.php/Home/Index/index/
INFO: [ app_init ] --START--
INFO: Run Behavior\BuildLiteBehavior [ RunTime:0.000060s ]
INFO: [ app_init ] --END-- [ RunTime:0.001381s ]
INFO: [ app_begin ] --START--
INFO: Run Behavior\ReadHtmlCacheBehavior [ RunTime:0.001653s ]
INFO: [ app_begin ] --END-- [ RunTime:0.001840s ]
SQL: SHOW COLUMNS FROM `jk_userget` [ RunTime:0.0277s ]
NOTIC: [8] Use of undefined constant wakuang - assumed 'wakuang' D:\wamp64\www\zhangfusheng\kuang\WWW\User\Home\Controller\IndexController.class.php 第 15 行.
SQL: SELECT * FROM `jk_userget` WHERE `UG_account` = '18076643608' AND `UG_dataType` = 'wakuang' ORDER BY UG_ID DESC  [ RunTime:0.0012s ]
SQL: SHOW COLUMNS FROM `jk_user` [ RunTime:0.0016s ]
SQL: SELECT * FROM `jk_user` WHERE `UE_account` = '18076643608' LIMIT 1   [ RunTime:0.0008s ]
INFO: [ view_parse ] --START--
INFO: [ template_filter ] --START--
INFO: Run Behavior\ContentReplaceBehavior [ RunTime:0.000186s ]
INFO: [ template_filter ] --END-- [ RunTime:0.000350s ]
INFO: Run Behavior\ParseTemplateBehavior [ RunTime:0.020595s ]
INFO: [ view_parse ] --END-- [ RunTime:0.020807s ]
INFO: [ view_filter ] --START--
INFO: Run Behavior\WriteHtmlCacheBehavior [ RunTime:0.001161s ]
INFO: Run Behavior\TokenBuildBehavior [ RunTime:0.001220s ]
INFO: [ view_filter ] --END-- [ RunTime:0.002614s ]
INFO: [ app_end ] --START--
INFO: Run Behavior\ShowPageTraceBehavior [ RunTime:0.001499s ]
INFO: [ app_end ] --END-- [ RunTime:0.001658s ]

[ 2018-04-11T17:47:48+08:00 ] 127.0.0.1 /Index.php/Home/Index/index/
INFO: [ app_init ] --START--
INFO: Run Behavior\BuildLiteBehavior [ RunTime:0.000037s ]
INFO: [ app_init ] --END-- [ RunTime:0.000825s ]
INFO: [ app_begin ] --START--
INFO: Run Behavior\ReadHtmlCacheBehavior [ RunTime:0.002014s ]
INFO: [ app_begin ] --END-- [ RunTime:0.002255s ]
SQL: SHOW COLUMNS FROM `jk_userget` [ RunTime:0.0575s ]
NOTIC: [8] Use of undefined constant wakuang - assumed 'wakuang' D:\wamp64\www\zhangfusheng\kuang\WWW\User\Home\Controller\IndexController.class.php 第 15 行.
SQL: SELECT * FROM `jk_userget` WHERE `UG_account` = '18076643608' AND `UG_dataType` = 'wakuang' ORDER BY UG_ID DESC  [ RunTime:0.0013s ]
SQL: SHOW COLUMNS FROM `jk_user` [ RunTime:0.0100s ]
SQL: SELECT * FROM `jk_user` WHERE `UE_account` = '18076643608' LIMIT 1   [ RunTime:0.0008s ]
INFO: [ view_parse ] --START--
INFO: [ template_filter ] --START--
INFO: Run Behavior\ContentReplaceBehavior [ RunTime:0.000188s ]
INFO: [ template_filter ] --END-- [ RunTime:0.000416s ]
INFO: Run Behavior\ParseTemplateBehavior [ RunTime:0.022936s ]
INFO: [ view_parse ] --END-- [ RunTime:0.023213s ]
INFO: [ view_filter ] --START--
INFO: Run Behavior\WriteHtmlCacheBehavior [ RunTime:0.002274s ]
INFO: Run Behavior\TokenBuildBehavior [ RunTime:0.002382s ]
INFO: [ view_filter ] --END-- [ RunTime:0.005043s ]
INFO: [ app_end ] --START--
INFO: Run Behavior\ShowPageTraceBehavior [ RunTime:0.002931s ]
INFO: [ app_end ] --END-- [ RunTime:0.003382s ]

[ 2018-04-11T17:47:51+08:00 ] 127.0.0.1 /Index.php/Home/Info/tuiguangma/
INFO: [ app_init ] --START--
INFO: Run Behavior\BuildLiteBehavior [ RunTime:0.000038s ]
INFO: [ app_init ] --END-- [ RunTime:0.000801s ]
INFO: [ app_begin ] --START--
INFO: Run Behavior\ReadHtmlCacheBehavior [ RunTime:0.000926s ]
INFO: [ app_begin ] --END-- [ RunTime:0.001116s ]
SQL: SHOW COLUMNS FROM `jk_system` [ RunTime:0.0021s ]
SQL: SELECT * FROM `jk_system` WHERE `SYS_ID` = 1 LIMIT 1   [ RunTime:0.0010s ]
SQL: SHOW COLUMNS FROM `jk_user` [ RunTime:0.0030s ]
SQL: SELECT * FROM `jk_user` WHERE `UE_ID` = 9 LIMIT 1   [ RunTime:0.0007s ]
SQL: SHOW COLUMNS FROM `jk_ppdd` [ RunTime:0.0010s ]
SQL: SELECT * FROM `jk_ppdd` WHERE `g_user` = '18076643608' AND `zt` = 1 LIMIT 1   [ RunTime:0.0256s ]
SQL: SELECT * FROM `jk_ppdd` WHERE `g_user` = '18076643608' AND `zt` = 1 LIMIT 1   [ RunTime:0.0328s ]
SQL: SELECT * FROM `jk_user` WHERE `UE_account` = '18076643608' LIMIT 1   [ RunTime:0.0008s ]
SQL: UPDATE `jk_ppdd` SET `zt`='0',`jydate`='',`g_name`='',`g_user`='',`g_level`='',`g_id`='' WHERE `g_user` = '18076643608' AND `zt` = 1 [ RunTime:0.0004s ]
NOTIC: [8] Use of undefined constant date - assumed 'date' D:\wamp64\www\zhangfusheng\kuang\WWW\User\Home\Controller\CommonController.class.php 第 88 行.
SQL: SHOW COLUMNS FROM `jk_date` [ RunTime:0.0008s ]
SQL: SELECT * FROM `jk_date` WHERE `date` = 1523376030 LIMIT 1   [ RunTime:0.0004s ]
NOTIC: [8] Undefined variable: name D:\wamp64\www\zhangfusheng\kuang\WWW\User\Home\Controller\InfoController.class.php 第 843 行.
INFO: [ view_parse ] --START--
INFO: [ template_filter ] --START--
INFO: Run Behavior\ContentReplaceBehavior [ RunTime:0.000204s ]
INFO: [ template_filter ] --END-- [ RunTime:0.000534s ]
INFO: Run Behavior\ParseTemplateBehavior [ RunTime:0.020328s ]
INFO: [ view_parse ] --END-- [ RunTime:0.020540s ]
INFO: [ view_filter ] --START--
INFO: Run Behavior\WriteHtmlCacheBehavior [ RunTime:0.001683s ]
INFO: Run Behavior\TokenBuildBehavior [ RunTime:0.001199s ]
INFO: [ view_filter ] --END-- [ RunTime:0.003182s ]
INFO: [ app_end ] --START--
INFO: Run Behavior\ShowPageTraceBehavior [ RunTime:0.001518s ]
INFO: [ app_end ] --END-- [ RunTime:0.001688s ]

