[ 2018-01-25T11:12:09+08:00 ] 223.90.65.148 /Index.php/Shop/Index/
INFO: [ app_init ] --START--
INFO: Run Behavior\BuildLiteBehavior [ RunTime:0.000000s ]
INFO: [ app_init ] --END-- [ RunTime:0.000000s ]
INFO: [ app_begin ] --START--
INFO: Run Behavior\ReadHtmlCacheBehavior [ RunTime:0.000000s ]
INFO: [ app_begin ] --END-- [ RunTime:0.000000s ]
SQL: SHOW COLUMNS FROM `jk_system` [ RunTime:0.0000s ]
SQL: SELECT * FROM `jk_system` WHERE `SYS_ID` = 1 LIMIT 1   [ RunTime:0.0000s ]
SQL: SHOW COLUMNS FROM `jk_user` [ RunTime:0.0000s ]
SQL: SELECT * FROM `jk_user` WHERE `UE_ID` = 1 LIMIT 1   [ RunTime:0.0000s ]
SQL: SHOW COLUMNS FROM `jk_font` [ RunTime:0.0000s ]
SQL: SELECT * FROM `jk_font` LIMIT 1   [ RunTime:0.0000s ]
SQL: SHOW COLUMNS FROM `jk_shop_project` [ RunTime:0.0156s ]
SQL: SELECT COUNT(*) AS tp_count FROM `jk_shop_project` WHERE ( zt>0 ) LIMIT 1   [ RunTime:0.0000s ]
SQL: SELECT * FROM `jk_shop_project` WHERE ( zt = '1' ) ORDER BY addtime desc  [ RunTime:0.0000s ]
NOTIC: [8] Undefined variable: show E:\WWW\User\Shop\Controller\IndexController.class.php 第 22 行.
INFO: [ view_parse ] --START--
INFO: [ template_filter ] --START--
INFO: Run Behavior\ContentReplaceBehavior [ RunTime:0.000000s ]
INFO: [ template_filter ] --END-- [ RunTime:0.000000s ]
INFO: Run Behavior\ParseTemplateBehavior [ RunTime:0.000000s ]
INFO: [ view_parse ] --END-- [ RunTime:0.000000s ]
INFO: [ view_filter ] --START--
INFO: Run Behavior\WriteHtmlCacheBehavior [ RunTime:0.000000s ]
INFO: Run Behavior\TokenBuildBehavior [ RunTime:0.015625s ]
INFO: [ view_filter ] --END-- [ RunTime:0.015625s ]
INFO: [ app_end ] --START--
INFO: Run Behavior\ShowPageTraceBehavior [ RunTime:0.000000s ]
INFO: [ app_end ] --END-- [ RunTime:0.000000s ]

[ 2018-01-25T11:16:07+08:00 ] 223.90.65.148 /Index.php/Shop/Index/
INFO: [ app_init ] --START--
INFO: Run Behavior\BuildLiteBehavior [ RunTime:0.000000s ]
INFO: [ app_init ] --END-- [ RunTime:0.015625s ]
INFO: [ app_begin ] --START--
INFO: Run Behavior\ReadHtmlCacheBehavior [ RunTime:0.000000s ]
INFO: [ app_begin ] --END-- [ RunTime:0.000000s ]
SQL: SHOW COLUMNS FROM `jk_system` [ RunTime:0.0156s ]
SQL: SELECT * FROM `jk_system` WHERE `SYS_ID` = 1 LIMIT 1   [ RunTime:0.0000s ]
SQL: SHOW COLUMNS FROM `jk_user` [ RunTime:0.0000s ]
SQL: SELECT * FROM `jk_user` WHERE `UE_ID` = 9 LIMIT 1   [ RunTime:0.0000s ]
SQL: SHOW COLUMNS FROM `jk_font` [ RunTime:0.0000s ]
SQL: SELECT * FROM `jk_font` LIMIT 1   [ RunTime:0.0000s ]
SQL: SHOW COLUMNS FROM `jk_shop_project` [ RunTime:0.0000s ]
SQL: SELECT COUNT(*) AS tp_count FROM `jk_shop_project` WHERE ( zt>0 ) LIMIT 1   [ RunTime:0.0000s ]
SQL: SELECT * FROM `jk_shop_project` WHERE ( zt = '1' ) ORDER BY addtime desc  [ RunTime:0.0156s ]
NOTIC: [8] Undefined variable: show E:\WWW\User\Shop\Controller\IndexController.class.php 第 22 行.
INFO: [ view_parse ] --START--
INFO: [ template_filter ] --START--
INFO: Run Behavior\ContentReplaceBehavior [ RunTime:0.000000s ]
INFO: [ template_filter ] --END-- [ RunTime:0.000000s ]
INFO: Run Behavior\ParseTemplateBehavior [ RunTime:0.000000s ]
INFO: [ view_parse ] --END-- [ RunTime:0.000000s ]
INFO: [ view_filter ] --START--
INFO: Run Behavior\WriteHtmlCacheBehavior [ RunTime:0.000000s ]
INFO: Run Behavior\TokenBuildBehavior [ RunTime:0.000000s ]
INFO: [ view_filter ] --END-- [ RunTime:0.000000s ]
INFO: [ app_end ] --START--
INFO: Run Behavior\ShowPageTraceBehavior [ RunTime:0.000000s ]
INFO: [ app_end ] --END-- [ RunTime:0.000000s ]

[ 2018-01-25T11:16:09+08:00 ] 223.90.65.148 /Index.php//Shop/index/jiaoyi?id=219
INFO: [ app_init ] --START--
INFO: Run Behavior\BuildLiteBehavior [ RunTime:0.000000s ]
INFO: [ app_init ] --END-- [ RunTime:0.000000s ]
INFO: [ app_begin ] --START--
INFO: Run Behavior\ReadHtmlCacheBehavior [ RunTime:0.000000s ]
INFO: [ app_begin ] --END-- [ RunTime:0.000000s ]
SQL: SHOW COLUMNS FROM `jk_system` [ RunTime:0.0156s ]
SQL: SELECT * FROM `jk_system` WHERE `SYS_ID` = 1 LIMIT 1   [ RunTime:0.0000s ]
SQL: SHOW COLUMNS FROM `jk_user` [ RunTime:0.0000s ]
SQL: SELECT * FROM `jk_user` WHERE `UE_ID` = 9 LIMIT 1   [ RunTime:0.0000s ]
SQL: SHOW COLUMNS FROM `jk_font` [ RunTime:0.0000s ]
SQL: SELECT * FROM `jk_font` LIMIT 1   [ RunTime:0.0000s ]
SQL: SHOW COLUMNS FROM `jk_shop_project` [ RunTime:0.0156s ]
SQL: SELECT * FROM `jk_shop_project` WHERE `id` = 219 LIMIT 1   [ RunTime:0.0000s ]
INFO: [ view_parse ] --START--
INFO: [ template_filter ] --START--
INFO: Run Behavior\ContentReplaceBehavior [ RunTime:0.000000s ]
INFO: [ template_filter ] --END-- [ RunTime:0.000000s ]
INFO: Run Behavior\ParseTemplateBehavior [ RunTime:0.000000s ]
INFO: [ view_parse ] --END-- [ RunTime:0.000000s ]
INFO: [ view_filter ] --START--
INFO: Run Behavior\WriteHtmlCacheBehavior [ RunTime:0.000000s ]
INFO: Run Behavior\TokenBuildBehavior [ RunTime:0.000000s ]
INFO: [ view_filter ] --END-- [ RunTime:0.000000s ]
INFO: [ app_end ] --START--
INFO: Run Behavior\ShowPageTraceBehavior [ RunTime:0.000000s ]
INFO: [ app_end ] --END-- [ RunTime:0.000000s ]

[ 2018-01-25T11:16:12+08:00 ] 223.90.65.148 /Index.php//Shop/index/confirmproject?id=219
INFO: [ app_init ] --START--
INFO: Run Behavior\BuildLiteBehavior [ RunTime:0.000000s ]
INFO: [ app_init ] --END-- [ RunTime:0.000000s ]
INFO: [ app_begin ] --START--
INFO: Run Behavior\ReadHtmlCacheBehavior [ RunTime:0.000000s ]
INFO: [ app_begin ] --END-- [ RunTime:0.000000s ]
SQL: SHOW COLUMNS FROM `jk_system` [ RunTime:0.0000s ]
SQL: SELECT * FROM `jk_system` WHERE `SYS_ID` = 1 LIMIT 1   [ RunTime:0.0000s ]
SQL: SHOW COLUMNS FROM `jk_user` [ RunTime:0.0156s ]
SQL: SELECT * FROM `jk_user` WHERE `UE_ID` = 9 LIMIT 1   [ RunTime:0.0000s ]
SQL: SHOW COLUMNS FROM `jk_font` [ RunTime:0.0000s ]
SQL: SELECT * FROM `jk_font` LIMIT 1   [ RunTime:0.0000s ]
SQL: SHOW COLUMNS FROM `jk_shop_project` [ RunTime:0.0000s ]
SQL: SELECT * FROM `jk_shop_project` WHERE `id` = 219 LIMIT 1   [ RunTime:0.0000s ]
SQL: SELECT * FROM `jk_user` WHERE `UE_account` = '18076643608' LIMIT 1   [ RunTime:0.0000s ]
INFO: [ view_parse ] --START--
INFO: [ template_filter ] --START--
INFO: Run Behavior\ContentReplaceBehavior [ RunTime:0.000000s ]
INFO: [ template_filter ] --END-- [ RunTime:0.000000s ]
INFO: Run Behavior\ParseTemplateBehavior [ RunTime:0.015625s ]
INFO: [ view_parse ] --END-- [ RunTime:0.015625s ]
INFO: [ view_filter ] --START--
INFO: Run Behavior\WriteHtmlCacheBehavior [ RunTime:0.000000s ]
INFO: Run Behavior\TokenBuildBehavior [ RunTime:0.000000s ]
INFO: [ view_filter ] --END-- [ RunTime:0.000000s ]

[ 2018-01-25T11:16:13+08:00 ] 223.90.65.148 /Index.php//Shop/index/favicon.ico
INFO: [ app_init ] --START--
INFO: Run Behavior\BuildLiteBehavior [ RunTime:0.000000s ]
INFO: [ app_init ] --END-- [ RunTime:0.000000s ]

[ 2018-01-25T11:18:06+08:00 ] 223.90.65.148 /Index.php//Shop/index/confirmproject?id=219
INFO: [ app_init ] --START--
INFO: Run Behavior\BuildLiteBehavior [ RunTime:0.000000s ]
INFO: [ app_init ] --END-- [ RunTime:0.000000s ]
INFO: [ app_begin ] --START--
INFO: Run Behavior\ReadHtmlCacheBehavior [ RunTime:0.000000s ]
INFO: [ app_begin ] --END-- [ RunTime:0.000000s ]
SQL: SHOW COLUMNS FROM `jk_system` [ RunTime:0.0000s ]
SQL: SELECT * FROM `jk_system` WHERE `SYS_ID` = 1 LIMIT 1   [ RunTime:0.0000s ]
SQL: SHOW COLUMNS FROM `jk_user` [ RunTime:0.0000s ]
SQL: SELECT * FROM `jk_user` WHERE `UE_ID` = 9 LIMIT 1   [ RunTime:0.0000s ]
SQL: SHOW COLUMNS FROM `jk_font` [ RunTime:0.0156s ]
SQL: SELECT * FROM `jk_font` LIMIT 1   [ RunTime:0.0000s ]
SQL: SHOW COLUMNS FROM `jk_shop_project` [ RunTime:0.0000s ]
SQL: SELECT * FROM `jk_shop_project` WHERE `id` = 219 LIMIT 1   [ RunTime:0.0000s ]
SQL: SELECT * FROM `jk_user` WHERE `UE_account` = '18076643608' LIMIT 1   [ RunTime:0.0000s ]
INFO: [ view_parse ] --START--
INFO: [ template_filter ] --START--
INFO: Run Behavior\ContentReplaceBehavior [ RunTime:0.000000s ]
INFO: [ template_filter ] --END-- [ RunTime:0.000000s ]
INFO: Run Behavior\ParseTemplateBehavior [ RunTime:0.000000s ]
INFO: [ view_parse ] --END-- [ RunTime:0.000000s ]
INFO: [ view_filter ] --START--
INFO: Run Behavior\WriteHtmlCacheBehavior [ RunTime:0.000000s ]
INFO: Run Behavior\TokenBuildBehavior [ RunTime:0.000000s ]
INFO: [ view_filter ] --END-- [ RunTime:0.000000s ]

[ 2018-01-25T11:18:09+08:00 ] 223.90.65.148 /Index.php//Shop/index/confirmproject?id=219
INFO: [ app_init ] --START--
INFO: Run Behavior\BuildLiteBehavior [ RunTime:0.000000s ]
INFO: [ app_init ] --END-- [ RunTime:0.000000s ]
INFO: [ app_begin ] --START--
INFO: Run Behavior\ReadHtmlCacheBehavior [ RunTime:0.000000s ]
INFO: [ app_begin ] --END-- [ RunTime:0.000000s ]
SQL: SHOW COLUMNS FROM `jk_system` [ RunTime:0.0156s ]
SQL: SELECT * FROM `jk_system` WHERE `SYS_ID` = 1 LIMIT 1   [ RunTime:0.0000s ]
SQL: SHOW COLUMNS FROM `jk_user` [ RunTime:0.0000s ]
SQL: SELECT * FROM `jk_user` WHERE `UE_ID` = 9 LIMIT 1   [ RunTime:0.0000s ]
SQL: SHOW COLUMNS FROM `jk_font` [ RunTime:0.0000s ]
SQL: SELECT * FROM `jk_font` LIMIT 1   [ RunTime:0.0000s ]
SQL: SHOW COLUMNS FROM `jk_shop_project` [ RunTime:0.0156s ]
SQL: SELECT * FROM `jk_shop_project` WHERE `id` = 219 LIMIT 1   [ RunTime:0.0000s ]
SQL: SELECT * FROM `jk_user` WHERE `UE_account` = '18076643608' LIMIT 1   [ RunTime:0.0000s ]
INFO: [ view_parse ] --START--
INFO: [ template_filter ] --START--
INFO: Run Behavior\ContentReplaceBehavior [ RunTime:0.000000s ]
INFO: [ template_filter ] --END-- [ RunTime:0.000000s ]
INFO: Run Behavior\ParseTemplateBehavior [ RunTime:0.000000s ]
INFO: [ view_parse ] --END-- [ RunTime:0.000000s ]
INFO: [ view_filter ] --START--
INFO: Run Behavior\WriteHtmlCacheBehavior [ RunTime:0.000000s ]
INFO: Run Behavior\TokenBuildBehavior [ RunTime:0.000000s ]
INFO: [ view_filter ] --END-- [ RunTime:0.000000s ]

[ 2018-01-25T11:18:45+08:00 ] 223.90.65.148 /Index.php/Shop/Index/
INFO: [ app_init ] --START--
INFO: Run Behavior\BuildLiteBehavior [ RunTime:0.000000s ]
INFO: [ app_init ] --END-- [ RunTime:0.000000s ]
INFO: [ app_begin ] --START--
INFO: Run Behavior\ReadHtmlCacheBehavior [ RunTime:0.000000s ]
INFO: [ app_begin ] --END-- [ RunTime:0.000000s ]
SQL: SHOW COLUMNS FROM `jk_system` [ RunTime:0.0000s ]
SQL: SELECT * FROM `jk_system` WHERE `SYS_ID` = 1 LIMIT 1   [ RunTime:0.0000s ]
SQL: SHOW COLUMNS FROM `jk_user` [ RunTime:0.0156s ]
SQL: SELECT * FROM `jk_user` WHERE `UE_ID` = 9 LIMIT 1   [ RunTime:0.0000s ]
SQL: SHOW COLUMNS FROM `jk_font` [ RunTime:0.0000s ]
SQL: SELECT * FROM `jk_font` LIMIT 1   [ RunTime:0.0000s ]
SQL: SHOW COLUMNS FROM `jk_shop_project` [ RunTime:0.0000s ]
SQL: SELECT COUNT(*) AS tp_count FROM `jk_shop_project` WHERE ( zt>0 ) LIMIT 1   [ RunTime:0.0000s ]
SQL: SELECT * FROM `jk_shop_project` WHERE ( zt = '1' ) ORDER BY addtime desc  [ RunTime:0.0000s ]
NOTIC: [8] Undefined variable: show E:\WWW\User\Shop\Controller\IndexController.class.php 第 22 行.
INFO: [ view_parse ] --START--
INFO: [ template_filter ] --START--
INFO: Run Behavior\ContentReplaceBehavior [ RunTime:0.000000s ]
INFO: [ template_filter ] --END-- [ RunTime:0.000000s ]
INFO: Run Behavior\ParseTemplateBehavior [ RunTime:0.015625s ]
INFO: [ view_parse ] --END-- [ RunTime:0.015625s ]
INFO: [ view_filter ] --START--
INFO: Run Behavior\WriteHtmlCacheBehavior [ RunTime:0.000000s ]
INFO: Run Behavior\TokenBuildBehavior [ RunTime:0.000000s ]
INFO: [ view_filter ] --END-- [ RunTime:0.000000s ]
INFO: [ app_end ] --START--
INFO: Run Behavior\ShowPageTraceBehavior [ RunTime:0.000000s ]
INFO: [ app_end ] --END-- [ RunTime:0.000000s ]

[ 2018-01-25T11:18:50+08:00 ] 223.90.65.148 /Index.php//Shop/index/jiaoyi?id=210
INFO: [ app_init ] --START--
INFO: Run Behavior\BuildLiteBehavior [ RunTime:0.000000s ]
INFO: [ app_init ] --END-- [ RunTime:0.000000s ]
INFO: [ app_begin ] --START--
INFO: Run Behavior\ReadHtmlCacheBehavior [ RunTime:0.000000s ]
INFO: [ app_begin ] --END-- [ RunTime:0.000000s ]
SQL: SHOW COLUMNS FROM `jk_system` [ RunTime:0.0000s ]
SQL: SELECT * FROM `jk_system` WHERE `SYS_ID` = 1 LIMIT 1   [ RunTime:0.0000s ]
SQL: SHOW COLUMNS FROM `jk_user` [ RunTime:0.0000s ]
SQL: SELECT * FROM `jk_user` WHERE `UE_ID` = 9 LIMIT 1   [ RunTime:0.0000s ]
SQL: SHOW COLUMNS FROM `jk_font` [ RunTime:0.0000s ]
SQL: SELECT * FROM `jk_font` LIMIT 1   [ RunTime:0.0000s ]
SQL: SHOW COLUMNS FROM `jk_shop_project` [ RunTime:0.0000s ]
SQL: SELECT * FROM `jk_shop_project` WHERE `id` = 210 LIMIT 1   [ RunTime:0.0000s ]
INFO: [ view_parse ] --START--
INFO: [ template_filter ] --START--
INFO: Run Behavior\ContentReplaceBehavior [ RunTime:0.000000s ]
INFO: [ template_filter ] --END-- [ RunTime:0.000000s ]
INFO: Run Behavior\ParseTemplateBehavior [ RunTime:0.000000s ]
INFO: [ view_parse ] --END-- [ RunTime:0.000000s ]
INFO: [ view_filter ] --START--
INFO: Run Behavior\WriteHtmlCacheBehavior [ RunTime:0.000000s ]
INFO: Run Behavior\TokenBuildBehavior [ RunTime:0.000000s ]
INFO: [ view_filter ] --END-- [ RunTime:0.000000s ]
INFO: [ app_end ] --START--
INFO: Run Behavior\ShowPageTraceBehavior [ RunTime:0.000000s ]
INFO: [ app_end ] --END-- [ RunTime:0.000000s ]

[ 2018-01-25T11:18:54+08:00 ] 223.90.65.148 /Index.php//Shop/index/confirmproject?id=210
INFO: [ app_init ] --START--
INFO: Run Behavior\BuildLiteBehavior [ RunTime:0.000000s ]
INFO: [ app_init ] --END-- [ RunTime:0.000000s ]
INFO: [ app_begin ] --START--
INFO: Run Behavior\ReadHtmlCacheBehavior [ RunTime:0.000000s ]
INFO: [ app_begin ] --END-- [ RunTime:0.000000s ]
SQL: SHOW COLUMNS FROM `jk_system` [ RunTime:0.0000s ]
SQL: SELECT * FROM `jk_system` WHERE `SYS_ID` = 1 LIMIT 1   [ RunTime:0.0000s ]
SQL: SHOW COLUMNS FROM `jk_user` [ RunTime:0.0156s ]
SQL: SELECT * FROM `jk_user` WHERE `UE_ID` = 9 LIMIT 1   [ RunTime:0.0000s ]
SQL: SHOW COLUMNS FROM `jk_font` [ RunTime:0.0000s ]
SQL: SELECT * FROM `jk_font` LIMIT 1   [ RunTime:0.0000s ]
SQL: SHOW COLUMNS FROM `jk_shop_project` [ RunTime:0.0000s ]
SQL: SELECT * FROM `jk_shop_project` WHERE `id` = 210 LIMIT 1   [ RunTime:0.0000s ]
SQL: SELECT * FROM `jk_user` WHERE `UE_account` = '18076643608' LIMIT 1   [ RunTime:0.0000s ]
SQL: UPDATE `jk_user` SET `UE_money`=UE_money-10 WHERE `UE_account` = '18076643608' [ RunTime:0.0000s ]
SQL: UPDATE `jk_user` SET `kjzt`='1' WHERE `UE_account` = '18076643608' [ RunTime:0.0000s ]
SQL: SHOW COLUMNS FROM `jk_shop_orderform` [ RunTime:0.0156s ]
SQL: INSERT INTO `jk_shop_orderform` (`user`,`project`,`enproject`,`yxzq`,`sumprice`,`addtime`,`username`,`imagepath`,`lixi`,`qwsl`,`kjsl`,`kjbh`) VALUES ('18076643608','微型云矿机','Micro cloud machine','720','10','2018-01-25 11:18:54','G562530','/Uploads/Pic/2017-03-01/58b6b0ada7383.png','0.01527778','','0.01','H255033422') [ RunTime:0.0000s ]
SQL: SELECT * FROM `jk_user` WHERE `UE_account` = '15296542602' LIMIT 1   [ RunTime:0.0000s ]

[ 2018-01-25T11:35:29+08:00 ] 223.90.65.148 /Index.php/Shop/Index/
INFO: [ app_init ] --START--
INFO: Run Behavior\BuildLiteBehavior [ RunTime:0.000000s ]
INFO: [ app_init ] --END-- [ RunTime:0.000000s ]
INFO: [ app_begin ] --START--
INFO: Run Behavior\ReadHtmlCacheBehavior [ RunTime:0.000000s ]
INFO: [ app_begin ] --END-- [ RunTime:0.000000s ]
SQL: SHOW COLUMNS FROM `jk_system` [ RunTime:0.0000s ]
SQL: SELECT * FROM `jk_system` WHERE `SYS_ID` = 1 LIMIT 1   [ RunTime:0.0000s ]
SQL: SHOW COLUMNS FROM `jk_user` [ RunTime:0.0156s ]
SQL: SELECT * FROM `jk_user` WHERE `UE_ID` = 9 LIMIT 1   [ RunTime:0.0000s ]
SQL: SHOW COLUMNS FROM `jk_font` [ RunTime:0.0000s ]
SQL: SELECT * FROM `jk_font` LIMIT 1   [ RunTime:0.0000s ]
SQL: SHOW COLUMNS FROM `jk_shop_project` [ RunTime:0.0000s ]
SQL: SELECT COUNT(*) AS tp_count FROM `jk_shop_project` WHERE ( zt>0 ) LIMIT 1   [ RunTime:0.0000s ]
SQL: SELECT * FROM `jk_shop_project` WHERE ( zt = '1' ) ORDER BY addtime desc  [ RunTime:0.0000s ]
NOTIC: [8] Undefined variable: show E:\WWW\User\Shop\Controller\IndexController.class.php 第 22 行.
INFO: [ view_parse ] --START--
INFO: [ template_filter ] --START--
INFO: Run Behavior\ContentReplaceBehavior [ RunTime:0.000000s ]
INFO: [ template_filter ] --END-- [ RunTime:0.000000s ]
INFO: Run Behavior\ParseTemplateBehavior [ RunTime:0.015625s ]
INFO: [ view_parse ] --END-- [ RunTime:0.015625s ]
INFO: [ view_filter ] --START--
INFO: Run Behavior\WriteHtmlCacheBehavior [ RunTime:0.000000s ]
INFO: Run Behavior\TokenBuildBehavior [ RunTime:0.000000s ]
INFO: [ view_filter ] --END-- [ RunTime:0.000000s ]
INFO: [ app_end ] --START--
INFO: Run Behavior\ShowPageTraceBehavior [ RunTime:0.000000s ]
INFO: [ app_end ] --END-- [ RunTime:0.000000s ]

[ 2018-01-25T11:35:30+08:00 ] 223.90.65.148 /Index.php/Shop/Index/
INFO: [ app_init ] --START--
INFO: Run Behavior\BuildLiteBehavior [ RunTime:0.000000s ]
INFO: [ app_init ] --END-- [ RunTime:0.000000s ]
INFO: [ app_begin ] --START--
INFO: Run Behavior\ReadHtmlCacheBehavior [ RunTime:0.000000s ]
INFO: [ app_begin ] --END-- [ RunTime:0.000000s ]
SQL: SHOW COLUMNS FROM `jk_system` [ RunTime:0.0156s ]
SQL: SELECT * FROM `jk_system` WHERE `SYS_ID` = 1 LIMIT 1   [ RunTime:0.0000s ]
SQL: SHOW COLUMNS FROM `jk_user` [ RunTime:0.0000s ]
SQL: SELECT * FROM `jk_user` WHERE `UE_ID` = 9 LIMIT 1   [ RunTime:0.0000s ]
SQL: SHOW COLUMNS FROM `jk_font` [ RunTime:0.0000s ]
SQL: SELECT * FROM `jk_font` LIMIT 1   [ RunTime:0.0000s ]
SQL: SHOW COLUMNS FROM `jk_shop_project` [ RunTime:0.0156s ]
SQL: SELECT COUNT(*) AS tp_count FROM `jk_shop_project` WHERE ( zt>0 ) LIMIT 1   [ RunTime:0.0000s ]
SQL: SELECT * FROM `jk_shop_project` WHERE ( zt = '1' ) ORDER BY addtime desc  [ RunTime:0.0000s ]
NOTIC: [8] Undefined variable: show E:\WWW\User\Shop\Controller\IndexController.class.php 第 22 行.
INFO: [ view_parse ] --START--
INFO: [ template_filter ] --START--
INFO: Run Behavior\ContentReplaceBehavior [ RunTime:0.000000s ]
INFO: [ template_filter ] --END-- [ RunTime:0.000000s ]
INFO: Run Behavior\ParseTemplateBehavior [ RunTime:0.000000s ]
INFO: [ view_parse ] --END-- [ RunTime:0.000000s ]
INFO: [ view_filter ] --START--
INFO: Run Behavior\WriteHtmlCacheBehavior [ RunTime:0.000000s ]
INFO: Run Behavior\TokenBuildBehavior [ RunTime:0.000000s ]
INFO: [ view_filter ] --END-- [ RunTime:0.000000s ]
INFO: [ app_end ] --START--
INFO: Run Behavior\ShowPageTraceBehavior [ RunTime:0.000000s ]
INFO: [ app_end ] --END-- [ RunTime:0.000000s ]

[ 2018-01-25T11:37:46+08:00 ] 223.90.65.148 /Index.php/Shop/Index/
INFO: [ app_init ] --START--
INFO: Run Behavior\BuildLiteBehavior [ RunTime:0.000000s ]
INFO: [ app_init ] --END-- [ RunTime:0.000000s ]
INFO: [ app_begin ] --START--
INFO: Run Behavior\ReadHtmlCacheBehavior [ RunTime:0.000000s ]
INFO: [ app_begin ] --END-- [ RunTime:0.000000s ]
SQL: SHOW COLUMNS FROM `jk_system` [ RunTime:0.0000s ]
SQL: SELECT * FROM `jk_system` WHERE `SYS_ID` = 1 LIMIT 1   [ RunTime:0.0000s ]
SQL: SHOW COLUMNS FROM `jk_user` [ RunTime:0.0000s ]
SQL: SELECT * FROM `jk_user` WHERE `UE_ID` = 1 LIMIT 1   [ RunTime:0.0000s ]
SQL: SHOW COLUMNS FROM `jk_font` [ RunTime:0.0156s ]
SQL: SELECT * FROM `jk_font` LIMIT 1   [ RunTime:0.0000s ]
SQL: SHOW COLUMNS FROM `jk_shop_project` [ RunTime:0.0000s ]
SQL: SELECT COUNT(*) AS tp_count FROM `jk_shop_project` WHERE ( zt>0 ) LIMIT 1   [ RunTime:0.0000s ]
SQL: SELECT * FROM `jk_shop_project` WHERE ( zt = '1' ) ORDER BY addtime desc  [ RunTime:0.0000s ]
NOTIC: [8] Undefined variable: show E:\WWW\User\Shop\Controller\IndexController.class.php 第 22 行.
INFO: [ view_parse ] --START--
INFO: [ template_filter ] --START--
INFO: Run Behavior\ContentReplaceBehavior [ RunTime:0.000000s ]
INFO: [ template_filter ] --END-- [ RunTime:0.000000s ]
INFO: Run Behavior\ParseTemplateBehavior [ RunTime:0.015625s ]
INFO: [ view_parse ] --END-- [ RunTime:0.015625s ]
INFO: [ view_filter ] --START--
INFO: Run Behavior\WriteHtmlCacheBehavior [ RunTime:0.000000s ]
INFO: Run Behavior\TokenBuildBehavior [ RunTime:0.000000s ]
INFO: [ view_filter ] --END-- [ RunTime:0.000000s ]
INFO: [ app_end ] --START--
INFO: Run Behavior\ShowPageTraceBehavior [ RunTime:0.000000s ]
INFO: [ app_end ] --END-- [ RunTime:0.000000s ]

[ 2018-01-25T11:39:50+08:00 ] 223.90.65.148 /Index.php/Shop/Index/
INFO: [ app_init ] --START--
INFO: Run Behavior\BuildLiteBehavior [ RunTime:0.000000s ]
INFO: [ app_init ] --END-- [ RunTime:0.000000s ]
INFO: [ app_begin ] --START--
INFO: Run Behavior\ReadHtmlCacheBehavior [ RunTime:0.000000s ]
INFO: [ app_begin ] --END-- [ RunTime:0.000000s ]
SQL: SHOW COLUMNS FROM `jk_system` [ RunTime:0.0000s ]
SQL: SELECT * FROM `jk_system` WHERE `SYS_ID` = 1 LIMIT 1   [ RunTime:0.0000s ]
SQL: SHOW COLUMNS FROM `jk_user` [ RunTime:0.0000s ]
SQL: SELECT * FROM `jk_user` WHERE `UE_ID` = 1 LIMIT 1   [ RunTime:0.0000s ]
SQL: SHOW COLUMNS FROM `jk_font` [ RunTime:0.0000s ]
SQL: SELECT * FROM `jk_font` LIMIT 1   [ RunTime:0.0000s ]
SQL: SHOW COLUMNS FROM `jk_shop_project` [ RunTime:0.0156s ]
SQL: SELECT COUNT(*) AS tp_count FROM `jk_shop_project` WHERE ( zt>0 ) LIMIT 1   [ RunTime:0.0000s ]
SQL: SELECT * FROM `jk_shop_project` WHERE ( zt = '1' ) ORDER BY addtime desc  [ RunTime:0.0000s ]
NOTIC: [8] Undefined variable: show E:\WWW\User\Shop\Controller\IndexController.class.php 第 22 行.
INFO: [ view_parse ] --START--
INFO: [ template_filter ] --START--
INFO: Run Behavior\ContentReplaceBehavior [ RunTime:0.000000s ]
INFO: [ template_filter ] --END-- [ RunTime:0.000000s ]
INFO: Run Behavior\ParseTemplateBehavior [ RunTime:0.000000s ]
INFO: [ view_parse ] --END-- [ RunTime:0.000000s ]
INFO: [ view_filter ] --START--
INFO: Run Behavior\WriteHtmlCacheBehavior [ RunTime:0.000000s ]
INFO: Run Behavior\TokenBuildBehavior [ RunTime:0.000000s ]
INFO: [ view_filter ] --END-- [ RunTime:0.000000s ]
INFO: [ app_end ] --START--
INFO: Run Behavior\ShowPageTraceBehavior [ RunTime:0.000000s ]
INFO: [ app_end ] --END-- [ RunTime:0.000000s ]

[ 2018-01-25T11:53:45+08:00 ] 223.90.65.148 /Index.php/Shop/Index/
INFO: [ app_init ] --START--
INFO: Run Behavior\BuildLiteBehavior [ RunTime:0.000000s ]
INFO: [ app_init ] --END-- [ RunTime:0.000000s ]
INFO: [ app_begin ] --START--
INFO: Run Behavior\ReadHtmlCacheBehavior [ RunTime:0.000000s ]
INFO: [ app_begin ] --END-- [ RunTime:0.000000s ]
SQL: SHOW COLUMNS FROM `jk_system` [ RunTime:0.0156s ]
SQL: SELECT * FROM `jk_system` WHERE `SYS_ID` = 1 LIMIT 1   [ RunTime:0.0000s ]
SQL: SHOW COLUMNS FROM `jk_user` [ RunTime:0.0000s ]
SQL: SELECT * FROM `jk_user` WHERE `UE_ID` = 1 LIMIT 1   [ RunTime:0.0000s ]
SQL: SHOW COLUMNS FROM `jk_font` [ RunTime:0.0000s ]
SQL: SELECT * FROM `jk_font` LIMIT 1   [ RunTime:0.0000s ]
SQL: SHOW COLUMNS FROM `jk_shop_project` [ RunTime:0.0156s ]
SQL: SELECT COUNT(*) AS tp_count FROM `jk_shop_project` WHERE ( zt>0 ) LIMIT 1   [ RunTime:0.0000s ]
SQL: SELECT * FROM `jk_shop_project` WHERE ( zt = '1' ) ORDER BY addtime desc  [ RunTime:0.0000s ]
NOTIC: [8] Undefined variable: show E:\WWW\User\Shop\Controller\IndexController.class.php 第 22 行.
INFO: [ view_parse ] --START--
INFO: [ template_filter ] --START--
INFO: Run Behavior\ContentReplaceBehavior [ RunTime:0.000000s ]
INFO: [ template_filter ] --END-- [ RunTime:0.000000s ]
INFO: Run Behavior\ParseTemplateBehavior [ RunTime:0.015625s ]
INFO: [ view_parse ] --END-- [ RunTime:0.015625s ]
INFO: [ view_filter ] --START--
INFO: Run Behavior\WriteHtmlCacheBehavior [ RunTime:0.000000s ]
INFO: Run Behavior\TokenBuildBehavior [ RunTime:0.000000s ]
INFO: [ view_filter ] --END-- [ RunTime:0.000000s ]
INFO: [ app_end ] --START--
INFO: Run Behavior\ShowPageTraceBehavior [ RunTime:0.000000s ]
INFO: [ app_end ] --END-- [ RunTime:0.000000s ]

[ 2018-01-25T11:55:44+08:00 ] 223.90.65.148 /Index.php/Shop/Index/
INFO: [ app_init ] --START--
INFO: Run Behavior\BuildLiteBehavior [ RunTime:0.000000s ]
INFO: [ app_init ] --END-- [ RunTime:0.000000s ]
INFO: [ app_begin ] --START--
INFO: Run Behavior\ReadHtmlCacheBehavior [ RunTime:0.000000s ]
INFO: [ app_begin ] --END-- [ RunTime:0.000000s ]
SQL: SHOW COLUMNS FROM `jk_system` [ RunTime:0.0000s ]
SQL: SELECT * FROM `jk_system` WHERE `SYS_ID` = 1 LIMIT 1   [ RunTime:0.0000s ]
SQL: SHOW COLUMNS FROM `jk_user` [ RunTime:0.0000s ]
SQL: SELECT * FROM `jk_user` WHERE `UE_ID` = 1 LIMIT 1   [ RunTime:0.0000s ]
SQL: SHOW COLUMNS FROM `jk_font` [ RunTime:0.0000s ]
SQL: SELECT * FROM `jk_font` LIMIT 1   [ RunTime:0.0000s ]
SQL: SHOW COLUMNS FROM `jk_shop_project` [ RunTime:0.0000s ]
SQL: SELECT COUNT(*) AS tp_count FROM `jk_shop_project` WHERE ( zt>0 ) LIMIT 1   [ RunTime:0.0000s ]
SQL: SELECT * FROM `jk_shop_project` WHERE ( zt = '1' ) ORDER BY addtime desc  [ RunTime:0.0000s ]
NOTIC: [8] Undefined variable: show E:\WWW\User\Shop\Controller\IndexController.class.php 第 22 行.
INFO: [ view_parse ] --START--
INFO: [ template_filter ] --START--
INFO: Run Behavior\ContentReplaceBehavior [ RunTime:0.000000s ]
INFO: [ template_filter ] --END-- [ RunTime:0.000000s ]
INFO: Run Behavior\ParseTemplateBehavior [ RunTime:0.000000s ]
INFO: [ view_parse ] --END-- [ RunTime:0.000000s ]
INFO: [ view_filter ] --START--
INFO: Run Behavior\WriteHtmlCacheBehavior [ RunTime:0.000000s ]
INFO: Run Behavior\TokenBuildBehavior [ RunTime:0.000000s ]
INFO: [ view_filter ] --END-- [ RunTime:0.000000s ]
INFO: [ app_end ] --START--
INFO: Run Behavior\ShowPageTraceBehavior [ RunTime:0.000000s ]
INFO: [ app_end ] --END-- [ RunTime:0.000000s ]

[ 2018-01-25T11:55:51+08:00 ] 223.90.65.148 /Index.php/Shop/Index/
INFO: [ app_init ] --START--
INFO: Run Behavior\BuildLiteBehavior [ RunTime:0.000000s ]
INFO: [ app_init ] --END-- [ RunTime:0.000000s ]
INFO: [ app_begin ] --START--
INFO: Run Behavior\ReadHtmlCacheBehavior [ RunTime:0.000000s ]
INFO: [ app_begin ] --END-- [ RunTime:0.000000s ]
SQL: SHOW COLUMNS FROM `jk_system` [ RunTime:0.0156s ]
SQL: SELECT * FROM `jk_system` WHERE `SYS_ID` = 1 LIMIT 1   [ RunTime:0.0000s ]
SQL: SHOW COLUMNS FROM `jk_user` [ RunTime:0.0000s ]
SQL: SELECT * FROM `jk_user` WHERE `UE_ID` = 1 LIMIT 1   [ RunTime:0.0000s ]
SQL: SHOW COLUMNS FROM `jk_font` [ RunTime:0.0000s ]
SQL: SELECT * FROM `jk_font` LIMIT 1   [ RunTime:0.0000s ]
SQL: SHOW COLUMNS FROM `jk_shop_project` [ RunTime:0.0000s ]
SQL: SELECT COUNT(*) AS tp_count FROM `jk_shop_project` WHERE ( zt>0 ) LIMIT 1   [ RunTime:0.0000s ]
SQL: SELECT * FROM `jk_shop_project` WHERE ( zt = '1' ) ORDER BY addtime desc  [ RunTime:0.0000s ]
NOTIC: [8] Undefined variable: show E:\WWW\User\Shop\Controller\IndexController.class.php 第 22 行.
INFO: [ view_parse ] --START--
INFO: [ template_filter ] --START--
INFO: Run Behavior\ContentReplaceBehavior [ RunTime:0.000000s ]
INFO: [ template_filter ] --END-- [ RunTime:0.000000s ]
INFO: Run Behavior\ParseTemplateBehavior [ RunTime:0.000000s ]
INFO: [ view_parse ] --END-- [ RunTime:0.000000s ]
INFO: [ view_filter ] --START--
INFO: Run Behavior\WriteHtmlCacheBehavior [ RunTime:0.000000s ]
INFO: Run Behavior\TokenBuildBehavior [ RunTime:0.000000s ]
INFO: [ view_filter ] --END-- [ RunTime:0.000000s ]
INFO: [ app_end ] --START--
INFO: Run Behavior\ShowPageTraceBehavior [ RunTime:0.000000s ]
INFO: [ app_end ] --END-- [ RunTime:0.000000s ]

[ 2018-01-25T11:55:55+08:00 ] 223.90.65.148 /Index.php/Shop/Index/
INFO: [ app_init ] --START--
INFO: Run Behavior\BuildLiteBehavior [ RunTime:0.000000s ]
INFO: [ app_init ] --END-- [ RunTime:0.000000s ]
INFO: [ app_begin ] --START--
INFO: Run Behavior\ReadHtmlCacheBehavior [ RunTime:0.000000s ]
INFO: [ app_begin ] --END-- [ RunTime:0.000000s ]
SQL: SHOW COLUMNS FROM `jk_system` [ RunTime:0.0000s ]
SQL: SELECT * FROM `jk_system` WHERE `SYS_ID` = 1 LIMIT 1   [ RunTime:0.0000s ]
SQL: SHOW COLUMNS FROM `jk_user` [ RunTime:0.0156s ]
SQL: SELECT * FROM `jk_user` WHERE `UE_ID` = 1 LIMIT 1   [ RunTime:0.0000s ]
SQL: SHOW COLUMNS FROM `jk_font` [ RunTime:0.0000s ]
SQL: SELECT * FROM `jk_font` LIMIT 1   [ RunTime:0.0000s ]
SQL: SHOW COLUMNS FROM `jk_shop_project` [ RunTime:0.0000s ]
SQL: SELECT COUNT(*) AS tp_count FROM `jk_shop_project` WHERE ( zt>0 ) LIMIT 1   [ RunTime:0.0000s ]
SQL: SELECT * FROM `jk_shop_project` WHERE ( zt = '1' ) ORDER BY addtime desc  [ RunTime:0.0000s ]
NOTIC: [8] Undefined variable: show E:\WWW\User\Shop\Controller\IndexController.class.php 第 22 行.
INFO: [ view_parse ] --START--
INFO: [ template_filter ] --START--
INFO: Run Behavior\ContentReplaceBehavior [ RunTime:0.000000s ]
INFO: [ template_filter ] --END-- [ RunTime:0.000000s ]
INFO: Run Behavior\ParseTemplateBehavior [ RunTime:0.015625s ]
INFO: [ view_parse ] --END-- [ RunTime:0.015625s ]
INFO: [ view_filter ] --START--
INFO: Run Behavior\WriteHtmlCacheBehavior [ RunTime:0.000000s ]
INFO: Run Behavior\TokenBuildBehavior [ RunTime:0.000000s ]
INFO: [ view_filter ] --END-- [ RunTime:0.000000s ]
INFO: [ app_end ] --START--
INFO: Run Behavior\ShowPageTraceBehavior [ RunTime:0.000000s ]
INFO: [ app_end ] --END-- [ RunTime:0.000000s ]

[ 2018-01-25T13:54:22+08:00 ] 1.194.49.133 /Index.php/Shop/Index/
INFO: [ app_init ] --START--
INFO: Run Behavior\BuildLiteBehavior [ RunTime:0.000000s ]
INFO: [ app_init ] --END-- [ RunTime:0.000000s ]
INFO: [ app_begin ] --START--
INFO: Run Behavior\ReadHtmlCacheBehavior [ RunTime:0.000000s ]
INFO: [ app_begin ] --END-- [ RunTime:0.000000s ]
SQL: SHOW COLUMNS FROM `jk_system` [ RunTime:0.0000s ]
SQL: SELECT * FROM `jk_system` WHERE `SYS_ID` = 1 LIMIT 1   [ RunTime:0.0000s ]
SQL: SHOW COLUMNS FROM `jk_user` [ RunTime:0.0156s ]
SQL: SELECT * FROM `jk_user` WHERE `UE_ID` = 1 LIMIT 1   [ RunTime:0.0000s ]
SQL: SHOW COLUMNS FROM `jk_font` [ RunTime:0.0000s ]
SQL: SELECT * FROM `jk_font` LIMIT 1   [ RunTime:0.0000s ]
SQL: SHOW COLUMNS FROM `jk_shop_project` [ RunTime:0.0000s ]
SQL: SELECT COUNT(*) AS tp_count FROM `jk_shop_project` WHERE ( zt>0 ) LIMIT 1   [ RunTime:0.0000s ]
SQL: SELECT * FROM `jk_shop_project` WHERE ( zt = '1' ) ORDER BY addtime desc  [ RunTime:0.0000s ]
NOTIC: [8] Undefined variable: show E:\WWW\User\Shop\Controller\IndexController.class.php 第 22 行.
INFO: [ view_parse ] --START--
INFO: [ template_filter ] --START--
INFO: Run Behavior\ContentReplaceBehavior [ RunTime:0.000000s ]
INFO: [ template_filter ] --END-- [ RunTime:0.000000s ]
INFO: Run Behavior\ParseTemplateBehavior [ RunTime:0.015625s ]
INFO: [ view_parse ] --END-- [ RunTime:0.015625s ]
INFO: [ view_filter ] --START--
INFO: Run Behavior\WriteHtmlCacheBehavior [ RunTime:0.000000s ]
INFO: Run Behavior\TokenBuildBehavior [ RunTime:0.000000s ]
INFO: [ view_filter ] --END-- [ RunTime:0.000000s ]
INFO: [ app_end ] --START--
INFO: Run Behavior\ShowPageTraceBehavior [ RunTime:0.000000s ]
INFO: [ app_end ] --END-- [ RunTime:0.000000s ]

[ 2018-01-25T13:54:33+08:00 ] 1.194.49.133 /Index.php//Shop/index/jiaoyi?id=210
INFO: [ app_init ] --START--
INFO: Run Behavior\BuildLiteBehavior [ RunTime:0.000000s ]
INFO: [ app_init ] --END-- [ RunTime:0.000000s ]
INFO: [ app_begin ] --START--
INFO: Run Behavior\ReadHtmlCacheBehavior [ RunTime:0.000000s ]
INFO: [ app_begin ] --END-- [ RunTime:0.000000s ]
SQL: SHOW COLUMNS FROM `jk_system` [ RunTime:0.0156s ]
SQL: SELECT * FROM `jk_system` WHERE `SYS_ID` = 1 LIMIT 1   [ RunTime:0.0000s ]
SQL: SHOW COLUMNS FROM `jk_user` [ RunTime:0.0000s ]
SQL: SELECT * FROM `jk_user` WHERE `UE_ID` = 1 LIMIT 1   [ RunTime:0.0000s ]
SQL: SHOW COLUMNS FROM `jk_font` [ RunTime:0.0000s ]
SQL: SELECT * FROM `jk_font` LIMIT 1   [ RunTime:0.0000s ]
SQL: SHOW COLUMNS FROM `jk_shop_project` [ RunTime:0.0156s ]
SQL: SELECT * FROM `jk_shop_project` WHERE `id` = 210 LIMIT 1   [ RunTime:0.0000s ]
INFO: [ view_parse ] --START--
INFO: [ template_filter ] --START--
INFO: Run Behavior\ContentReplaceBehavior [ RunTime:0.000000s ]
INFO: [ template_filter ] --END-- [ RunTime:0.000000s ]
INFO: Run Behavior\ParseTemplateBehavior [ RunTime:0.000000s ]
INFO: [ view_parse ] --END-- [ RunTime:0.000000s ]
INFO: [ view_filter ] --START--
INFO: Run Behavior\WriteHtmlCacheBehavior [ RunTime:0.000000s ]
INFO: Run Behavior\TokenBuildBehavior [ RunTime:0.000000s ]
INFO: [ view_filter ] --END-- [ RunTime:0.000000s ]
INFO: [ app_end ] --START--
INFO: Run Behavior\ShowPageTraceBehavior [ RunTime:0.000000s ]
INFO: [ app_end ] --END-- [ RunTime:0.000000s ]

[ 2018-01-25T13:59:11+08:00 ] 123.151.77.49 /Index.php/Shop/Index/
INFO: [ app_init ] --START--
INFO: Run Behavior\BuildLiteBehavior [ RunTime:0.000000s ]
INFO: [ app_init ] --END-- [ RunTime:0.000000s ]
INFO: [ app_begin ] --START--
INFO: Run Behavior\ReadHtmlCacheBehavior [ RunTime:0.000000s ]
INFO: [ app_begin ] --END-- [ RunTime:0.000000s ]
SQL: SHOW COLUMNS FROM `jk_system` [ RunTime:0.0000s ]
SQL: SELECT * FROM `jk_system` WHERE `SYS_ID` = 1 LIMIT 1   [ RunTime:0.0000s ]
SQL: SHOW COLUMNS FROM `jk_user` [ RunTime:0.0000s ]
SQL: SELECT * FROM `jk_user` WHERE `UE_ID` = 1 LIMIT 1   [ RunTime:0.0000s ]
SQL: SHOW COLUMNS FROM `jk_font` [ RunTime:0.0000s ]
SQL: SELECT * FROM `jk_font` LIMIT 1   [ RunTime:0.0000s ]
SQL: SHOW COLUMNS FROM `jk_shop_project` [ RunTime:0.0156s ]
SQL: SELECT COUNT(*) AS tp_count FROM `jk_shop_project` WHERE ( zt>0 ) LIMIT 1   [ RunTime:0.0000s ]
SQL: SELECT * FROM `jk_shop_project` WHERE ( zt = '1' ) ORDER BY addtime desc  [ RunTime:0.0000s ]
NOTIC: [8] Undefined variable: show E:\WWW\User\Shop\Controller\IndexController.class.php 第 22 行.
INFO: [ view_parse ] --START--
INFO: [ template_filter ] --START--
INFO: Run Behavior\ContentReplaceBehavior [ RunTime:0.000000s ]
INFO: [ template_filter ] --END-- [ RunTime:0.000000s ]
INFO: Run Behavior\ParseTemplateBehavior [ RunTime:0.000000s ]
INFO: [ view_parse ] --END-- [ RunTime:0.000000s ]
INFO: [ view_filter ] --START--
INFO: Run Behavior\WriteHtmlCacheBehavior [ RunTime:0.000000s ]
INFO: Run Behavior\TokenBuildBehavior [ RunTime:0.000000s ]
INFO: [ view_filter ] --END-- [ RunTime:0.000000s ]
INFO: [ app_end ] --START--
INFO: Run Behavior\ShowPageTraceBehavior [ RunTime:0.000000s ]
INFO: [ app_end ] --END-- [ RunTime:0.000000s ]

[ 2018-01-25T13:59:24+08:00 ] 123.151.77.49 /Index.php/Shop/Index/
INFO: [ app_init ] --START--
INFO: Run Behavior\BuildLiteBehavior [ RunTime:0.000000s ]
INFO: [ app_init ] --END-- [ RunTime:0.000000s ]
INFO: [ app_begin ] --START--
INFO: Run Behavior\ReadHtmlCacheBehavior [ RunTime:0.000000s ]
INFO: [ app_begin ] --END-- [ RunTime:0.000000s ]
SQL: SHOW COLUMNS FROM `jk_system` [ RunTime:0.0000s ]
SQL: SELECT * FROM `jk_system` WHERE `SYS_ID` = 1 LIMIT 1   [ RunTime:0.0000s ]
SQL: SHOW COLUMNS FROM `jk_user` [ RunTime:0.0000s ]
SQL: SELECT * FROM `jk_user` WHERE `UE_ID` = 1 LIMIT 1   [ RunTime:0.0000s ]
SQL: SHOW COLUMNS FROM `jk_font` [ RunTime:0.0000s ]
SQL: SELECT * FROM `jk_font` LIMIT 1   [ RunTime:0.0000s ]
SQL: SHOW COLUMNS FROM `jk_shop_project` [ RunTime:0.0000s ]
SQL: SELECT COUNT(*) AS tp_count FROM `jk_shop_project` WHERE ( zt>0 ) LIMIT 1   [ RunTime:0.0000s ]
SQL: SELECT * FROM `jk_shop_project` WHERE ( zt = '1' ) ORDER BY addtime desc  [ RunTime:0.0000s ]
NOTIC: [8] Undefined variable: show E:\WWW\User\Shop\Controller\IndexController.class.php 第 22 行.
INFO: [ view_parse ] --START--
INFO: [ template_filter ] --START--
INFO: Run Behavior\ContentReplaceBehavior [ RunTime:0.000000s ]
INFO: [ template_filter ] --END-- [ RunTime:0.000000s ]
INFO: Run Behavior\ParseTemplateBehavior [ RunTime:0.015625s ]
INFO: [ view_parse ] --END-- [ RunTime:0.015625s ]
INFO: [ view_filter ] --START--
INFO: Run Behavior\WriteHtmlCacheBehavior [ RunTime:0.000000s ]
INFO: Run Behavior\TokenBuildBehavior [ RunTime:0.000000s ]
INFO: [ view_filter ] --END-- [ RunTime:0.000000s ]
INFO: [ app_end ] --START--
INFO: Run Behavior\ShowPageTraceBehavior [ RunTime:0.000000s ]
INFO: [ app_end ] --END-- [ RunTime:0.000000s ]

[ 2018-01-25T13:59:27+08:00 ] 123.151.77.49 /Index.php//Shop/index/jiaoyi?id=210
INFO: [ app_init ] --START--
INFO: Run Behavior\BuildLiteBehavior [ RunTime:0.000000s ]
INFO: [ app_init ] --END-- [ RunTime:0.000000s ]
INFO: [ app_begin ] --START--
INFO: Run Behavior\ReadHtmlCacheBehavior [ RunTime:0.000000s ]
INFO: [ app_begin ] --END-- [ RunTime:0.000000s ]
SQL: SHOW COLUMNS FROM `jk_system` [ RunTime:0.0039s ]
SQL: SELECT * FROM `jk_system` WHERE `SYS_ID` = 1 LIMIT 1   [ RunTime:0.0010s ]
SQL: SHOW COLUMNS FROM `jk_user` [ RunTime:0.0039s ]
SQL: SELECT * FROM `jk_user` WHERE `UE_ID` = 1 LIMIT 1   [ RunTime:0.0010s ]
SQL: SHOW COLUMNS FROM `jk_font` [ RunTime:0.0029s ]
SQL: SELECT * FROM `jk_font` LIMIT 1   [ RunTime:0.0010s ]
SQL: SHOW COLUMNS FROM `jk_shop_project` [ RunTime:0.0039s ]
SQL: SELECT * FROM `jk_shop_project` WHERE `id` = 210 LIMIT 1   [ RunTime:0.0010s ]
INFO: [ view_parse ] --START--
INFO: [ template_filter ] --START--
INFO: Run Behavior\ContentReplaceBehavior [ RunTime:0.000000s ]
INFO: [ template_filter ] --END-- [ RunTime:0.000000s ]
INFO: Run Behavior\ParseTemplateBehavior [ RunTime:0.005859s ]
INFO: [ view_parse ] --END-- [ RunTime:0.005859s ]
INFO: [ view_filter ] --START--
INFO: Run Behavior\WriteHtmlCacheBehavior [ RunTime:0.000000s ]
INFO: Run Behavior\TokenBuildBehavior [ RunTime:0.000976s ]
INFO: [ view_filter ] --END-- [ RunTime:0.000976s ]
INFO: [ app_end ] --START--
INFO: Run Behavior\ShowPageTraceBehavior [ RunTime:0.000000s ]
INFO: [ app_end ] --END-- [ RunTime:0.000000s ]

[ 2018-01-25T13:59:29+08:00 ] 123.151.77.49 /Index.php//Shop/index/confirmproject?id=210
INFO: [ app_init ] --START--
INFO: Run Behavior\BuildLiteBehavior [ RunTime:0.000000s ]
INFO: [ app_init ] --END-- [ RunTime:0.000000s ]
INFO: [ app_begin ] --START--
INFO: Run Behavior\ReadHtmlCacheBehavior [ RunTime:0.000000s ]
INFO: [ app_begin ] --END-- [ RunTime:0.000000s ]
SQL: SHOW COLUMNS FROM `jk_system` [ RunTime:0.0000s ]
SQL: SELECT * FROM `jk_system` WHERE `SYS_ID` = 1 LIMIT 1   [ RunTime:0.0000s ]
SQL: SHOW COLUMNS FROM `jk_user` [ RunTime:0.0156s ]
SQL: SELECT * FROM `jk_user` WHERE `UE_ID` = 1 LIMIT 1   [ RunTime:0.0000s ]
SQL: SHOW COLUMNS FROM `jk_font` [ RunTime:0.0000s ]
SQL: SELECT * FROM `jk_font` LIMIT 1   [ RunTime:0.0000s ]
SQL: SHOW COLUMNS FROM `jk_shop_project` [ RunTime:0.0000s ]
SQL: SELECT * FROM `jk_shop_project` WHERE `id` = 210 LIMIT 1   [ RunTime:0.0000s ]
SQL: SELECT * FROM `jk_user` WHERE `UE_account` = '15515551555' LIMIT 1   [ RunTime:0.0000s ]
SQL: UPDATE `jk_user` SET `UE_money`=UE_money-10 WHERE `UE_account` = '15515551555' [ RunTime:0.0000s ]
SQL: UPDATE `jk_user` SET `kjzt`='1' WHERE `UE_account` = '15515551555' [ RunTime:0.0000s ]
SQL: SHOW COLUMNS FROM `jk_shop_orderform` [ RunTime:0.0156s ]
SQL: INSERT INTO `jk_shop_orderform` (`user`,`project`,`enproject`,`yxzq`,`sumprice`,`addtime`,`username`,`imagepath`,`lixi`,`qwsl`,`kjsl`,`kjbh`) VALUES ('15515551555','微型云矿机','Micro cloud machine','720','10','2018-01-25 13:59:29','GEC','/Uploads/Pic/2017-03-01/58b6b0ada7383.png','0.01527778','','0.01','H255996933') [ RunTime:0.0000s ]
SQL: SELECT * FROM `jk_user` WHERE `UE_account` = null LIMIT 1   [ RunTime:0.0000s ]

[ 2018-01-25T14:00:11+08:00 ] 58.247.212.98 /Index.php/Shop/Index
INFO: [ app_init ] --START--
INFO: Run Behavior\BuildLiteBehavior [ RunTime:0.000000s ]
INFO: [ app_init ] --END-- [ RunTime:0.000000s ]
INFO: [ app_begin ] --START--
INFO: Run Behavior\ReadHtmlCacheBehavior [ RunTime:0.000000s ]
INFO: [ app_begin ] --END-- [ RunTime:0.000000s ]
SQL: SHOW COLUMNS FROM `jk_system` [ RunTime:0.0000s ]
SQL: SELECT * FROM `jk_system` WHERE `SYS_ID` = 1 LIMIT 1   [ RunTime:0.0000s ]

[ 2018-01-25T14:00:29+08:00 ] 120.204.17.69 /Index.php//Shop/index/confirmproject?id=210
INFO: [ app_init ] --START--
INFO: Run Behavior\BuildLiteBehavior [ RunTime:0.000000s ]
INFO: [ app_init ] --END-- [ RunTime:0.000000s ]
INFO: [ app_begin ] --START--
INFO: Run Behavior\ReadHtmlCacheBehavior [ RunTime:0.000000s ]
INFO: [ app_begin ] --END-- [ RunTime:0.000000s ]
SQL: SHOW COLUMNS FROM `jk_system` [ RunTime:0.0000s ]
SQL: SELECT * FROM `jk_system` WHERE `SYS_ID` = 1 LIMIT 1   [ RunTime:0.0000s ]

[ 2018-01-25T14:33:30+08:00 ] 1.194.49.133 /Index.php/Shop/Index/
INFO: [ app_init ] --START--
INFO: Run Behavior\BuildLiteBehavior [ RunTime:0.000000s ]
INFO: [ app_init ] --END-- [ RunTime:0.000000s ]
INFO: [ app_begin ] --START--
INFO: Run Behavior\ReadHtmlCacheBehavior [ RunTime:0.000000s ]
INFO: [ app_begin ] --END-- [ RunTime:0.000000s ]
SQL: SHOW COLUMNS FROM `jk_system` [ RunTime:0.0000s ]
SQL: SELECT * FROM `jk_system` WHERE `SYS_ID` = 1 LIMIT 1   [ RunTime:0.0000s ]
SQL: SHOW COLUMNS FROM `jk_user` [ RunTime:0.0000s ]
SQL: SELECT * FROM `jk_user` WHERE `UE_ID` = 1 LIMIT 1   [ RunTime:0.0000s ]
SQL: SHOW COLUMNS FROM `jk_font` [ RunTime:0.0156s ]
SQL: SELECT * FROM `jk_font` LIMIT 1   [ RunTime:0.0000s ]
SQL: SHOW COLUMNS FROM `jk_shop_project` [ RunTime:0.0000s ]
SQL: SELECT COUNT(*) AS tp_count FROM `jk_shop_project` WHERE ( zt>0 ) LIMIT 1   [ RunTime:0.0000s ]
SQL: SELECT * FROM `jk_shop_project` WHERE ( zt = '1' ) ORDER BY addtime desc  [ RunTime:0.0000s ]
NOTIC: [8] Undefined variable: show E:\WWW\User\Shop\Controller\IndexController.class.php 第 22 行.
INFO: [ view_parse ] --START--
INFO: [ template_filter ] --START--
INFO: Run Behavior\ContentReplaceBehavior [ RunTime:0.000000s ]
INFO: [ template_filter ] --END-- [ RunTime:0.000000s ]
INFO: Run Behavior\ParseTemplateBehavior [ RunTime:0.015625s ]
INFO: [ view_parse ] --END-- [ RunTime:0.015625s ]
INFO: [ view_filter ] --START--
INFO: Run Behavior\WriteHtmlCacheBehavior [ RunTime:0.000000s ]
INFO: Run Behavior\TokenBuildBehavior [ RunTime:0.000000s ]
INFO: [ view_filter ] --END-- [ RunTime:0.000000s ]
INFO: [ app_end ] --START--
INFO: Run Behavior\ShowPageTraceBehavior [ RunTime:0.000000s ]
INFO: [ app_end ] --END-- [ RunTime:0.000000s ]

[ 2018-01-25T15:53:47+08:00 ] 123.136.115.176 /Index.php/Shop/Index/
INFO: [ app_init ] --START--
INFO: Run Behavior\BuildLiteBehavior [ RunTime:0.000000s ]
INFO: [ app_init ] --END-- [ RunTime:0.000000s ]
INFO: [ app_begin ] --START--
INFO: Run Behavior\ReadHtmlCacheBehavior [ RunTime:0.000000s ]
INFO: [ app_begin ] --END-- [ RunTime:0.000000s ]
SQL: SHOW COLUMNS FROM `jk_system` [ RunTime:0.0000s ]
SQL: SELECT * FROM `jk_system` WHERE `SYS_ID` = 1 LIMIT 1   [ RunTime:0.0000s ]
SQL: SHOW COLUMNS FROM `jk_user` [ RunTime:0.0000s ]
SQL: SELECT * FROM `jk_user` WHERE `UE_ID` = 1 LIMIT 1   [ RunTime:0.0000s ]
SQL: SHOW COLUMNS FROM `jk_font` [ RunTime:0.0000s ]
SQL: SELECT * FROM `jk_font` LIMIT 1   [ RunTime:0.0000s ]
SQL: SHOW COLUMNS FROM `jk_shop_project` [ RunTime:0.0000s ]
SQL: SELECT COUNT(*) AS tp_count FROM `jk_shop_project` WHERE ( zt>0 ) LIMIT 1   [ RunTime:0.0000s ]
SQL: SELECT * FROM `jk_shop_project` WHERE ( zt = '1' ) ORDER BY addtime desc  [ RunTime:0.0000s ]
NOTIC: [8] Undefined variable: show E:\WWW\User\Shop\Controller\IndexController.class.php 第 22 行.
INFO: [ view_parse ] --START--
INFO: [ template_filter ] --START--
INFO: Run Behavior\ContentReplaceBehavior [ RunTime:0.000000s ]
INFO: [ template_filter ] --END-- [ RunTime:0.000000s ]
INFO: Run Behavior\ParseTemplateBehavior [ RunTime:0.015625s ]
INFO: [ view_parse ] --END-- [ RunTime:0.015625s ]
INFO: [ view_filter ] --START--
INFO: Run Behavior\WriteHtmlCacheBehavior [ RunTime:0.000000s ]
INFO: Run Behavior\TokenBuildBehavior [ RunTime:0.000000s ]
INFO: [ view_filter ] --END-- [ RunTime:0.000000s ]
INFO: [ app_end ] --START--
INFO: Run Behavior\ShowPageTraceBehavior [ RunTime:0.000000s ]
INFO: [ app_end ] --END-- [ RunTime:0.000000s ]

[ 2018-01-25T16:02:06+08:00 ] 223.90.65.182 /Index.php/Shop/Index/
INFO: [ app_init ] --START--
INFO: Run Behavior\BuildLiteBehavior [ RunTime:0.000000s ]
INFO: [ app_init ] --END-- [ RunTime:0.000000s ]
INFO: [ app_begin ] --START--
INFO: Run Behavior\ReadHtmlCacheBehavior [ RunTime:0.000000s ]
INFO: [ app_begin ] --END-- [ RunTime:0.000000s ]
SQL: SHOW COLUMNS FROM `jk_system` [ RunTime:0.0156s ]
SQL: SELECT * FROM `jk_system` WHERE `SYS_ID` = 1 LIMIT 1   [ RunTime:0.0000s ]
SQL: SHOW COLUMNS FROM `jk_user` [ RunTime:0.0000s ]
SQL: SELECT * FROM `jk_user` WHERE `UE_ID` = 1 LIMIT 1   [ RunTime:0.0000s ]
SQL: SHOW COLUMNS FROM `jk_font` [ RunTime:0.0000s ]
SQL: SELECT * FROM `jk_font` LIMIT 1   [ RunTime:0.0000s ]
SQL: SHOW COLUMNS FROM `jk_shop_project` [ RunTime:0.0000s ]
SQL: SELECT COUNT(*) AS tp_count FROM `jk_shop_project` WHERE ( zt>0 ) LIMIT 1   [ RunTime:0.0000s ]
SQL: SELECT * FROM `jk_shop_project` WHERE ( zt = '1' ) ORDER BY addtime desc  [ RunTime:0.0000s ]
NOTIC: [8] Undefined variable: show E:\WWW\User\Shop\Controller\IndexController.class.php 第 22 行.
INFO: [ view_parse ] --START--
INFO: [ template_filter ] --START--
INFO: Run Behavior\ContentReplaceBehavior [ RunTime:0.000000s ]
INFO: [ template_filter ] --END-- [ RunTime:0.000000s ]
INFO: Run Behavior\ParseTemplateBehavior [ RunTime:0.000000s ]
INFO: [ view_parse ] --END-- [ RunTime:0.000000s ]
INFO: [ view_filter ] --START--
INFO: Run Behavior\WriteHtmlCacheBehavior [ RunTime:0.000000s ]
INFO: Run Behavior\TokenBuildBehavior [ RunTime:0.000000s ]
INFO: [ view_filter ] --END-- [ RunTime:0.000000s ]
INFO: [ app_end ] --START--
INFO: Run Behavior\ShowPageTraceBehavior [ RunTime:0.000000s ]
INFO: [ app_end ] --END-- [ RunTime:0.000000s ]

[ 2018-01-25T19:36:22+08:00 ] 223.90.65.182 /Index.php/Shop/Index/
INFO: [ app_init ] --START--
INFO: Run Behavior\BuildLiteBehavior [ RunTime:0.000000s ]
INFO: [ app_init ] --END-- [ RunTime:0.015625s ]
INFO: [ app_begin ] --START--
INFO: Run Behavior\ReadHtmlCacheBehavior [ RunTime:0.000000s ]
INFO: [ app_begin ] --END-- [ RunTime:0.000000s ]
SQL: SHOW COLUMNS FROM `jk_system` [ RunTime:0.0156s ]
SQL: SELECT * FROM `jk_system` WHERE `SYS_ID` = 1 LIMIT 1   [ RunTime:0.0000s ]
SQL: SHOW COLUMNS FROM `jk_user` [ RunTime:0.0000s ]
SQL: SELECT * FROM `jk_user` WHERE `UE_ID` = 1 LIMIT 1   [ RunTime:0.0000s ]
SQL: SHOW COLUMNS FROM `jk_font` [ RunTime:0.0000s ]
SQL: SELECT * FROM `jk_font` LIMIT 1   [ RunTime:0.0000s ]
SQL: SHOW COLUMNS FROM `jk_shop_project` [ RunTime:0.0000s ]
SQL: SELECT COUNT(*) AS tp_count FROM `jk_shop_project` WHERE ( zt>0 ) LIMIT 1   [ RunTime:0.0156s ]
SQL: SELECT * FROM `jk_shop_project` WHERE ( zt = '1' ) ORDER BY addtime desc  [ RunTime:0.0000s ]
NOTIC: [8] Undefined variable: show E:\WWW\User\Shop\Controller\IndexController.class.php 第 22 行.
INFO: [ view_parse ] --START--
INFO: [ template_filter ] --START--
INFO: Run Behavior\ContentReplaceBehavior [ RunTime:0.000000s ]
INFO: [ template_filter ] --END-- [ RunTime:0.000000s ]
INFO: Run Behavior\ParseTemplateBehavior [ RunTime:0.015625s ]
INFO: [ view_parse ] --END-- [ RunTime:0.015625s ]
INFO: [ view_filter ] --START--
INFO: Run Behavior\WriteHtmlCacheBehavior [ RunTime:0.000000s ]
INFO: Run Behavior\TokenBuildBehavior [ RunTime:0.000000s ]
INFO: [ view_filter ] --END-- [ RunTime:0.000000s ]
INFO: [ app_end ] --START--
INFO: Run Behavior\ShowPageTraceBehavior [ RunTime:0.000000s ]
INFO: [ app_end ] --END-- [ RunTime:0.000000s ]

[ 2018-01-25T20:09:27+08:00 ] 36.5.51.92 /Index.php/Shop/Index/
INFO: [ app_init ] --START--
INFO: Run Behavior\BuildLiteBehavior [ RunTime:0.000000s ]
INFO: [ app_init ] --END-- [ RunTime:0.000000s ]
INFO: [ app_begin ] --START--
INFO: Run Behavior\ReadHtmlCacheBehavior [ RunTime:0.000000s ]
INFO: [ app_begin ] --END-- [ RunTime:0.000000s ]
SQL: SHOW COLUMNS FROM `jk_system` [ RunTime:0.0156s ]
SQL: SELECT * FROM `jk_system` WHERE `SYS_ID` = 1 LIMIT 1   [ RunTime:0.0000s ]
SQL: SHOW COLUMNS FROM `jk_user` [ RunTime:0.0000s ]
SQL: SELECT * FROM `jk_user` WHERE `UE_ID` = 1 LIMIT 1   [ RunTime:0.0000s ]
SQL: SHOW COLUMNS FROM `jk_font` [ RunTime:0.0000s ]
SQL: SELECT * FROM `jk_font` LIMIT 1   [ RunTime:0.0000s ]
SQL: SHOW COLUMNS FROM `jk_shop_project` [ RunTime:0.0000s ]
SQL: SELECT COUNT(*) AS tp_count FROM `jk_shop_project` WHERE ( zt>0 ) LIMIT 1   [ RunTime:0.0000s ]
SQL: SELECT * FROM `jk_shop_project` WHERE ( zt = '1' ) ORDER BY addtime desc  [ RunTime:0.0000s ]
NOTIC: [8] Undefined variable: show E:\WWW\User\Shop\Controller\IndexController.class.php 第 22 行.
INFO: [ view_parse ] --START--
INFO: [ template_filter ] --START--
INFO: Run Behavior\ContentReplaceBehavior [ RunTime:0.000000s ]
INFO: [ template_filter ] --END-- [ RunTime:0.000000s ]
INFO: Run Behavior\ParseTemplateBehavior [ RunTime:0.015626s ]
INFO: [ view_parse ] --END-- [ RunTime:0.015626s ]
INFO: [ view_filter ] --START--
INFO: Run Behavior\WriteHtmlCacheBehavior [ RunTime:0.000000s ]
INFO: Run Behavior\TokenBuildBehavior [ RunTime:0.000000s ]
INFO: [ view_filter ] --END-- [ RunTime:0.000000s ]
INFO: [ app_end ] --START--
INFO: Run Behavior\ShowPageTraceBehavior [ RunTime:0.000000s ]
INFO: [ app_end ] --END-- [ RunTime:0.000000s ]

