[ 2018-04-11T10:58:25+08:00 ] 127.0.0.1 /admin.php/Home/login/verify
INFO: [ app_init ] --START--
INFO: Run Behavior\BuildLiteBehavior [ RunTime:0.000037s ]
INFO: [ app_init ] --END-- [ RunTime:0.001093s ]
INFO: [ app_begin ] --START--
INFO: Run Behavior\ReadHtmlCacheBehavior [ RunTime:0.002255s ]
INFO: [ app_begin ] --END-- [ RunTime:0.002551s ]
INFO: [ app_end ] --START--
INFO: Run Behavior\ShowPageTraceBehavior [ RunTime:0.001872s ]
INFO: [ app_end ] --END-- [ RunTime:0.002063s ]

[ 2018-04-11T10:58:27+08:00 ] 127.0.0.1 /admin.php/Home/login/verify?0.6453035341568134
INFO: [ app_init ] --START--
INFO: Run Behavior\BuildLiteBehavior [ RunTime:0.000035s ]
INFO: [ app_init ] --END-- [ RunTime:0.000819s ]
INFO: [ app_begin ] --START--
INFO: Run Behavior\ReadHtmlCacheBehavior [ RunTime:0.001672s ]
INFO: [ app_begin ] --END-- [ RunTime:0.001857s ]
INFO: [ app_end ] --START--
INFO: Run Behavior\ShowPageTraceBehavior [ RunTime:0.001859s ]
INFO: [ app_end ] --END-- [ RunTime:0.002068s ]

[ 2018-04-11T10:58:39+08:00 ] 127.0.0.1 /admin.php/Home/login/verify
INFO: [ app_init ] --START--
INFO: Run Behavior\BuildLiteBehavior [ RunTime:0.000036s ]
INFO: [ app_init ] --END-- [ RunTime:0.000922s ]
INFO: [ app_begin ] --START--
INFO: Run Behavior\ReadHtmlCacheBehavior [ RunTime:0.002041s ]
INFO: [ app_begin ] --END-- [ RunTime:0.002269s ]
INFO: [ app_end ] --START--
INFO: Run Behavior\ShowPageTraceBehavior [ RunTime:0.001857s ]
INFO: [ app_end ] --END-- [ RunTime:0.002039s ]

[ 2018-04-11T11:02:34+08:00 ] 127.0.0.1 /admin.php/Home/login/verify
INFO: [ app_init ] --START--
INFO: Run Behavior\BuildLiteBehavior [ RunTime:0.000038s ]
INFO: [ app_init ] --END-- [ RunTime:0.001384s ]
INFO: [ app_begin ] --START--
INFO: Run Behavior\ReadHtmlCacheBehavior [ RunTime:0.001752s ]
INFO: [ app_begin ] --END-- [ RunTime:0.001961s ]
INFO: [ app_end ] --START--
INFO: Run Behavior\ShowPageTraceBehavior [ RunTime:0.004414s ]
INFO: [ app_end ] --END-- [ RunTime:0.004629s ]

[ 2018-04-11T11:02:35+08:00 ] 127.0.0.1 /admin.php/Home/login/verify?0.07036535768078633
INFO: [ app_init ] --START--
INFO: Run Behavior\BuildLiteBehavior [ RunTime:0.000036s ]
INFO: [ app_init ] --END-- [ RunTime:0.000849s ]
INFO: [ app_begin ] --START--
INFO: Run Behavior\ReadHtmlCacheBehavior [ RunTime:0.001666s ]
INFO: [ app_begin ] --END-- [ RunTime:0.001863s ]
INFO: [ app_end ] --START--
INFO: Run Behavior\ShowPageTraceBehavior [ RunTime:0.001802s ]
INFO: [ app_end ] --END-- [ RunTime:0.001987s ]

[ 2018-04-11T11:03:55+08:00 ] 127.0.0.1 /admin.php/Home/login/verify
INFO: [ app_init ] --START--
INFO: Run Behavior\BuildLiteBehavior [ RunTime:0.000034s ]
INFO: [ app_init ] --END-- [ RunTime:0.000813s ]
INFO: [ app_begin ] --START--
INFO: Run Behavior\ReadHtmlCacheBehavior [ RunTime:0.003070s ]
INFO: [ app_begin ] --END-- [ RunTime:0.003324s ]
INFO: [ app_end ] --START--
INFO: Run Behavior\ShowPageTraceBehavior [ RunTime:0.001865s ]
INFO: [ app_end ] --END-- [ RunTime:0.002067s ]

[ 2018-04-11T11:03:58+08:00 ] 127.0.0.1 /admin.php/Home/login/verify?0.47606850473037565
INFO: [ app_init ] --START--
INFO: Run Behavior\BuildLiteBehavior [ RunTime:0.000035s ]
INFO: [ app_init ] --END-- [ RunTime:0.000837s ]
INFO: [ app_begin ] --START--
INFO: Run Behavior\ReadHtmlCacheBehavior [ RunTime:0.001656s ]
INFO: [ app_begin ] --END-- [ RunTime:0.001828s ]
INFO: [ app_end ] --START--
INFO: Run Behavior\ShowPageTraceBehavior [ RunTime:0.001827s ]
INFO: [ app_end ] --END-- [ RunTime:0.002039s ]

[ 2018-04-11T11:04:43+08:00 ] 127.0.0.1 /admin.php/Home/login/verify
INFO: [ app_init ] --START--
INFO: Run Behavior\BuildLiteBehavior [ RunTime:0.000036s ]
INFO: [ app_init ] --END-- [ RunTime:0.000909s ]
INFO: [ app_begin ] --START--
INFO: Run Behavior\ReadHtmlCacheBehavior [ RunTime:0.001828s ]
INFO: [ app_begin ] --END-- [ RunTime:0.002019s ]
INFO: [ app_end ] --START--
INFO: Run Behavior\ShowPageTraceBehavior [ RunTime:0.001890s ]
INFO: [ app_end ] --END-- [ RunTime:0.002100s ]

[ 2018-04-11T11:48:00+08:00 ] 127.0.0.1 /admin.php/Home/login/verify
INFO: [ app_init ] --START--
INFO: Run Behavior\BuildLiteBehavior [ RunTime:0.000058s ]
INFO: [ app_init ] --END-- [ RunTime:0.004500s ]
INFO: [ app_begin ] --START--
INFO: Run Behavior\ReadHtmlCacheBehavior [ RunTime:0.038394s ]
INFO: [ app_begin ] --END-- [ RunTime:0.038680s ]
INFO: [ app_end ] --START--
INFO: Run Behavior\ShowPageTraceBehavior [ RunTime:0.004865s ]
INFO: [ app_end ] --END-- [ RunTime:0.005186s ]

[ 2018-04-11T11:49:26+08:00 ] 127.0.0.1 /admin.php/Home/login/verify
INFO: [ app_init ] --START--
INFO: Run Behavior\BuildLiteBehavior [ RunTime:0.000044s ]
INFO: [ app_init ] --END-- [ RunTime:0.002462s ]
INFO: [ app_begin ] --START--
INFO: Run Behavior\ReadHtmlCacheBehavior [ RunTime:0.001953s ]
INFO: [ app_begin ] --END-- [ RunTime:0.002240s ]
INFO: [ app_end ] --START--
INFO: Run Behavior\ShowPageTraceBehavior [ RunTime:0.001702s ]
INFO: [ app_end ] --END-- [ RunTime:0.001888s ]

[ 2018-04-11T11:49:28+08:00 ] 127.0.0.1 /admin.php/Home/login/verify?0.15278187535625398
INFO: [ app_init ] --START--
INFO: Run Behavior\BuildLiteBehavior [ RunTime:0.000050s ]
INFO: [ app_init ] --END-- [ RunTime:0.001258s ]
INFO: [ app_begin ] --START--
INFO: Run Behavior\ReadHtmlCacheBehavior [ RunTime:0.005827s ]
INFO: [ app_begin ] --END-- [ RunTime:0.006144s ]
INFO: [ app_end ] --START--
INFO: Run Behavior\ShowPageTraceBehavior [ RunTime:0.002422s ]
INFO: [ app_end ] --END-- [ RunTime:0.002663s ]

[ 2018-04-11T11:49:29+08:00 ] 127.0.0.1 /admin.php/Home/login/verify?0.845836418736329
INFO: [ app_init ] --START--
INFO: Run Behavior\BuildLiteBehavior [ RunTime:0.000067s ]
INFO: [ app_init ] --END-- [ RunTime:0.001398s ]
INFO: [ app_begin ] --START--
INFO: Run Behavior\ReadHtmlCacheBehavior [ RunTime:0.001708s ]
INFO: [ app_begin ] --END-- [ RunTime:0.001884s ]
INFO: [ app_end ] --START--
INFO: Run Behavior\ShowPageTraceBehavior [ RunTime:0.001626s ]
INFO: [ app_end ] --END-- [ RunTime:0.001809s ]

[ 2018-04-11T11:55:25+08:00 ] 127.0.0.1 /admin.php/Home/login/verify
INFO: [ app_init ] --START--
INFO: Run Behavior\BuildLiteBehavior [ RunTime:0.000037s ]
INFO: [ app_init ] --END-- [ RunTime:0.000892s ]
INFO: [ app_begin ] --START--
INFO: Run Behavior\ReadHtmlCacheBehavior [ RunTime:0.002058s ]
INFO: [ app_begin ] --END-- [ RunTime:0.002259s ]
INFO: [ app_end ] --START--
INFO: Run Behavior\ShowPageTraceBehavior [ RunTime:0.001762s ]
INFO: [ app_end ] --END-- [ RunTime:0.001940s ]

[ 2018-04-11T11:55:27+08:00 ] 127.0.0.1 /admin.php/Home/login/verify?0.13195174197976134
INFO: [ app_init ] --START--
INFO: Run Behavior\BuildLiteBehavior [ RunTime:0.000035s ]
INFO: [ app_init ] --END-- [ RunTime:0.000828s ]
INFO: [ app_begin ] --START--
INFO: Run Behavior\ReadHtmlCacheBehavior [ RunTime:0.002581s ]
INFO: [ app_begin ] --END-- [ RunTime:0.002773s ]
INFO: [ app_end ] --START--
INFO: Run Behavior\ShowPageTraceBehavior [ RunTime:0.001696s ]
INFO: [ app_end ] --END-- [ RunTime:0.001876s ]

